Log file open, 12/20/17 10:09:09
LogWindows: Failed to load 'aqProf.dll' (GetLastError=126)
LogWindows: File 'aqProf.dll' does not exist
LogWindows: Failed to load 'VSPerf140.dll' (GetLastError=126)
LogWindows: File 'VSPerf140.dll' does not exist
LogWindows: Failed to load 'VtuneApi.dll' (GetLastError=126)
LogWindows: File 'VtuneApi.dll' does not exist
LogWindows: Failed to load 'VtuneApi32e.dll' (GetLastError=126)
LogWindows: File 'VtuneApi32e.dll' does not exist
LogInit: Display: Running engine for game: MyProject3
LogPlatformFile: Not using cached read wrapper
LogInit: Display: RandInit(1784674643) SRandInit(1784674643).
LogTaskGraph: Started task graph with 5 named threads and 14 total threads with 3 sets of task threads.
LogStats: Stats thread started at 0.187967
LogD3D11RHI: Aftermath initialized
LogPluginManager: Mounting plugin Paper2D
LogPluginManager: Mounting plugin LightPropagationVolume
LogPluginManager: Mounting plugin CodeLiteSourceCodeAccess
LogPluginManager: Mounting plugin GitSourceControl
LogPluginManager: Mounting plugin KDevelopSourceCodeAccess
LogPluginManager: Mounting plugin NullSourceCodeAccess
LogPluginManager: Mounting plugin PerforceSourceControl
LogPluginManager: Mounting plugin SubversionSourceControl
LogPluginManager: Mounting plugin UObjectPlugin
LogPluginManager: Mounting plugin VisualStudioSourceCodeAccess
LogPluginManager: Mounting plugin XCodeSourceCodeAccess
LogPluginManager: Mounting plugin AssetManagerEditor
LogPluginManager: Mounting plugin AudioCapture
LogPluginManager: Mounting plugin FacialAnimation
LogPluginManager: Mounting plugin GameplayTagsEditor
LogPluginManager: Mounting plugin MobileLauncherProfileWizard
LogPluginManager: Mounting plugin PluginBrowser
LogPluginManager: Mounting plugin SpeedTreeImporter
LogPluginManager: Mounting plugin AlembicImporter
LogPluginManager: Mounting plugin CharacterAI
LogPluginManager: Mounting plugin HTML5Networking
LogPluginManager: Mounting plugin AndroidMedia
LogPluginManager: Mounting plugin AvfMedia
LogPluginManager: Mounting plugin MediaPlayerEditor
LogPluginManager: Mounting plugin WmfMedia
LogPluginManager: Mounting plugin TcpMessaging
LogPluginManager: Mounting plugin UdpMessaging
LogPluginManager: Mounting plugin LevelSequenceEditor
LogPluginManager: Mounting plugin MatineeToLevelSequence
LogPluginManager: Mounting plugin OnlineSubsystemGooglePlay
LogPluginManager: Mounting plugin OnlineSubsystemIOS
LogPluginManager: Mounting plugin OnlineSubsystem
LogPluginManager: Mounting plugin OnlineSubsystemNull
LogPluginManager: Mounting plugin OnlineSubsystemUtils
LogPluginManager: Mounting plugin AndroidDeviceProfileSelector
LogPluginManager: Mounting plugin AndroidMoviePlayer
LogPluginManager: Mounting plugin AndroidPermission
LogPluginManager: Mounting plugin AppleMoviePlayer
LogPluginManager: Mounting plugin ArchVisCharacter
LogPluginManager: Mounting plugin CableComponent
LogPluginManager: Mounting plugin CustomMeshComponent
LogPluginManager: Mounting plugin ExampleDeviceProfileSelector
LogPluginManager: Mounting plugin GoogleCloudMessaging
LogPluginManager: Mounting plugin ImmediatePhysics
LogPluginManager: Mounting plugin IOSDeviceProfileSelector
LogPluginManager: Mounting plugin LinuxDeviceProfileSelector
LogPluginManager: Mounting plugin LocationServicesBPLibrary
LogPluginManager: Mounting plugin MobilePatchingUtils
LogPluginManager: Mounting plugin OculusVR
LogPluginManager: Mounting plugin PhysXVehicles
LogPluginManager: Mounting plugin ProceduralMeshComponent
LogPluginManager: Mounting plugin RuntimePhysXCooking
LogPluginManager: Mounting plugin SteamVR
LogPluginManager: Mounting plugin WindowsMoviePlayer
LogInit: Using libcurl 7.47.1
LogInit:  - built for x86_64-pc-win32
LogInit:  - supports SSL with OpenSSL/1.0.2g
LogInit:  - supports HTTP deflate (compression) using libz 1.2.8
LogInit:  - other features:
LogInit:      CURL_VERSION_SSL
LogInit:      CURL_VERSION_LIBZ
LogInit:      CURL_VERSION_IPV6
LogInit:      CURL_VERSION_ASYNCHDNS
LogInit:      CURL_VERSION_LARGEFILE
LogInit:      CURL_VERSION_IDN
LogInit:  CurlRequestOptions (configurable via config and command line):
LogInit:  - bVerifyPeer = false  - Libcurl will NOT verify peer certificate
LogInit:  - bUseHttpProxy = false  - Libcurl will NOT use HTTP proxy
LogInit:  - bDontReuseConnections = false  - Libcurl will reuse connections
LogInit:  - CertBundlePath = nullptr  - Libcurl will use whatever was configured at build time.
LogInit: Build: ++UE4+Release-4.17-CL-3658906
LogInit: Engine Version: 4.17.2-3658906+++UE4+Release-4.17
LogInit: Compatible Engine Version: 4.17.0-3573198+++UE4+Release-4.17
LogInit: Net CL: 3573198
LogDevObjectVersion: Number of dev versions registered: 16
LogDevObjectVersion:   Dev-Blueprints (B0D832E4-1F89-4F0D-ACCF-7EB736FD4AA2): 10
LogDevObjectVersion:   Dev-Build (E1C64328-A22C-4D53-A36C-8E866417BD8C): 0
LogDevObjectVersion:   Dev-Core (375EC13C-06E4-48FB-B500-84F0262A717E): 2
LogDevObjectVersion:   Dev-Editor (E4B068ED-F494-42E9-A231-DA0B2E46BB41): 20
LogDevObjectVersion:   Dev-Framework (CFFC743F-43B0-4480-9391-14DF171D2073): 28
LogDevObjectVersion:   Dev-Mobile (B02B49B5-BB20-44E9-A304-32B752E40360): 0
LogDevObjectVersion:   Dev-Networking (A4E4105C-59A1-49B5-A7C5-40C4547EDFEE): 0
LogDevObjectVersion:   Dev-Online (39C831C9-5AE6-47DC-9A44-9C173E1C8E7C): 0
LogDevObjectVersion:   Dev-Physics (78F01B33-EBEA-4F98-B9B4-84EACCB95AA2): 0
LogDevObjectVersion:   Dev-Platform (6631380F-2D4D-43E0-8009-CF276956A95A): 0
LogDevObjectVersion:   Dev-Rendering (12F88B9F-8875-4AFC-A67C-D90C383ABD29): 19
LogDevObjectVersion:   Dev-Sequencer (7B5AE74C-D270-4C10-A958-57980B212A5A): 4
LogDevObjectVersion:   Dev-VR (D7296918-1DD6-4BDD-9DE2-64A83CC13884): 0
LogDevObjectVersion:   Dev-LoadTimes (C2A15278-BFE7-4AFE-6C17-90FF531DF755): 1
LogDevObjectVersion:   Private-Geometry (6EACA3D4-40EC-4CC1-B786-8BED09428FC5): 1
LogDevObjectVersion:   Dev-AnimPhys (29E575DD-E0A3-4627-9D10-D276232CDCEA): 7
LogInit: Compiled (64-bit): Sep 22 2017 13:47:16
LogInit: Compiled with Visual C++: 19.00.24215.01
LogInit: Build Configuration: Development
LogInit: Branch Name: ++UE4+Release-4.17
LogInit: Command line: -EpicPortal 
LogInit: Base directory: E:/Programy/UE_4.17/Engine/Binaries/Win64/
LogInit: Installed Engine Build: 1
LogInit: Presizing for max 8388607 objects, including 0 objects not considered by GC, pre-allocating 0 bytes for permanent pool.
LogInit: Object subsystem initialized
[2017.12.20-09.09.10:197][  0]LogInit: Selected Device Profile: [Windows]
[2017.12.20-09.09.10:197][  0]LogInit: Applying CVar settings loaded from the selected device profile: [Windows]
[2017.12.20-09.09.10:207][  0]LogInit: Computer: DESKTOP-7C0GGLO
[2017.12.20-09.09.10:207][  0]LogInit: User: barto
[2017.12.20-09.09.10:207][  0]LogInit: CPU Page size=4096, Cores=4
[2017.12.20-09.09.10:207][  0]LogInit: High frequency timer resolution =2.531249 MHz
[2017.12.20-09.09.10:207][  0]LogMemory: Memory total: Physical=15.9GB (16GB approx)
[2017.12.20-09.09.10:207][  0]LogMemory: Platform Memory Stats for Windows
[2017.12.20-09.09.10:207][  0]LogMemory: Process Physical Memory: 280.70 MB used, 280.70 MB peak
[2017.12.20-09.09.10:207][  0]LogMemory: Process Virtual Memory: 274.24 MB used, 274.24 MB peak
[2017.12.20-09.09.10:207][  0]LogMemory: Physical Memory: 9207.71 MB used,  7071.78 MB free, 16279.49 MB total
[2017.12.20-09.09.10:207][  0]LogMemory: Virtual Memory: 707.53 MB used,  7071.78 MB free, 134217728.00 MB total
[2017.12.20-09.09.10:337][  0]LogInit: Using OS detected language (pl-PL).
[2017.12.20-09.09.10:337][  0]LogInit: Using OS detected locale (pl-PL).
[2017.12.20-09.09.10:340][  0]LogTextLocalizationManager: No localization for 'pl-PL' exists, so 'en' will be used for the language.
[2017.12.20-09.09.10:340][  0]LogTextLocalizationManager: No localization for 'pl-PL' exists, so 'en' will be used for the locale.
[2017.12.20-09.09.11:074][  0]LogD3D11RHI: D3D11 adapters:
[2017.12.20-09.09.11:119][  0]LogD3D11RHI:    0. 'NVIDIA GeForce GTX 960M' (Feature Level 11_0)
[2017.12.20-09.09.11:119][  0]LogD3D11RHI:       2019/0/8139 MB DedicatedVideo/DedicatedSystem/SharedSystem, Outputs:1, VendorId:0x10de
[2017.12.20-09.09.11:128][  0]LogD3D11RHI:    1. 'Intel(R) HD Graphics 530' (Feature Level 11_0)
[2017.12.20-09.09.11:128][  0]LogD3D11RHI:       128/0/8139 MB DedicatedVideo/DedicatedSystem/SharedSystem, Outputs:0, VendorId:0x8086
[2017.12.20-09.09.11:135][  0]LogD3D11RHI:    2. 'Microsoft Basic Render Driver' (Feature Level 11_0)
[2017.12.20-09.09.11:135][  0]LogD3D11RHI:       0/0/8139 MB DedicatedVideo/DedicatedSystem/SharedSystem, Outputs:0, VendorId:0x1414
[2017.12.20-09.09.11:135][  0]LogD3D11RHI: Chosen D3D11 Adapter: 0
[2017.12.20-09.09.11:143][  0]LogD3D11RHI: Creating new Direct3DDevice
[2017.12.20-09.09.11:143][  0]LogD3D11RHI:     GPU DeviceId: 0x139b (for the marketing name, search the web for "GPU Device Id")
[2017.12.20-09.09.11:143][  0]LogWindows: EnumDisplayDevices:
[2017.12.20-09.09.11:143][  0]LogWindows:    0. 'Intel(R) HD Graphics 530' (P:1 D:1)
[2017.12.20-09.09.11:144][  0]LogWindows:    1. 'Intel(R) HD Graphics 530' (P:0 D:0)
[2017.12.20-09.09.11:144][  0]LogWindows:    2. 'Intel(R) HD Graphics 530' (P:0 D:0)
[2017.12.20-09.09.11:144][  0]LogWindows: DebugString: GetVideoDriverDetailsInvalid PrimaryIsNotTheChoosenAdapter GetVideoDriverDetailsInvalid PrimaryIsNotTheChoosenAdapter GetVideoDriverDetailsInvalid PrimaryIsNotTheChoosenAdapter FoundDriverCount:0 
[2017.12.20-09.09.11:144][  0]LogD3D11RHI:     Adapter Name: NVIDIA GeForce GTX 960M
[2017.12.20-09.09.11:144][  0]LogD3D11RHI:   Driver Version: Unknown (internal:Unknown, unified:Unknown)
[2017.12.20-09.09.11:144][  0]LogD3D11RHI:      Driver Date: Unknown
[2017.12.20-09.09.11:144][  0]LogRHI: Texture pool is 1361 MB (70% of 1945 MB)
[2017.12.20-09.09.11:178][  0]LogD3D11RHI: Async texture creation enabled
[2017.12.20-09.09.11:193][  0]LogD3D11RHI: GPU Timing Frequency: 1000.000000 (Debug: 2 1)
[2017.12.20-09.09.11:196][  0]LogShaderCompilers: Guid format shader working directory is -1 characters bigger than the processId version (C:/Users/barto/Documents/grypowazne/MyProject3/Intermediate/Shaders/WorkingDirectory/17900/).
[2017.12.20-09.09.11:197][  0]LogShaderCompilers: Cleaned the shader compiler working directory 'C:/Users/barto/AppData/Local/Temp/UnrealShaderWorkingDir/F2F822454EA9C78732AEDB8D65AC0628/'.
[2017.12.20-09.09.11:197][  0]LogShaderCompilers: Display: Using Local Shader Compiler.
[2017.12.20-09.09.12:574][  0]LogTemp: Display: Loaded TP AllDesktopTargetPlatform
[2017.12.20-09.09.12:630][  0]LogTemp: Display: Loaded TP MacClientTargetPlatform
[2017.12.20-09.09.12:682][  0]LogTemp: Display: Loaded TP MacNoEditorTargetPlatform
[2017.12.20-09.09.12:741][  0]LogTemp: Display: Loaded TP MacServerTargetPlatform
[2017.12.20-09.09.12:786][  0]LogTemp: Display: Loaded TP MacTargetPlatform
[2017.12.20-09.09.12:855][  0]LogTemp: Display: Loaded TP WindowsClientTargetPlatform
[2017.12.20-09.09.12:905][  0]LogTemp: Display: Loaded TP WindowsNoEditorTargetPlatform
[2017.12.20-09.09.12:966][  0]LogTemp: Display: Loaded TP WindowsServerTargetPlatform
[2017.12.20-09.09.13:010][  0]LogTemp: Display: Loaded TP WindowsTargetPlatform
[2017.12.20-09.09.13:074][  0]LogTemp: Display: Loaded TP AndroidTargetPlatform
[2017.12.20-09.09.13:123][  0]LogTemp: Display: Loaded TP Android_ASTCTargetPlatform
[2017.12.20-09.09.13:171][  0]LogTemp: Display: Loaded TP Android_ATCTargetPlatform
[2017.12.20-09.09.13:228][  0]LogTemp: Display: Loaded TP Android_DXTTargetPlatform
[2017.12.20-09.09.13:276][  0]LogTemp: Display: Loaded TP Android_ETC1TargetPlatform
[2017.12.20-09.09.13:335][  0]LogTemp: Display: Loaded TP Android_ETC2TargetPlatform
[2017.12.20-09.09.13:438][  0]LogTemp: Display: Loaded TP Android_MultiTargetPlatform
[2017.12.20-09.09.13:438][  0]LogTemp: Display: Loaded TP Android_PVRTCTargetPlatform
[2017.12.20-09.09.13:477][  0]LogTemp: Display: Loaded TP HTML5TargetPlatform
[2017.12.20-09.09.13:578][  0]LogTemp: Display: Loaded TP IOSTargetPlatform
[2017.12.20-09.09.13:612][  0]LogTemp: Display: Loaded TP TVOSTargetPlatform
[2017.12.20-09.09.13:672][  0]LogTemp: Display: Loaded TP LinuxClientTargetPlatform
[2017.12.20-09.09.13:736][  0]LogTemp: Display: Loaded TP LinuxNoEditorTargetPlatform
[2017.12.20-09.09.13:797][  0]LogTemp: Display: Loaded TP LinuxServerTargetPlatform
[2017.12.20-09.09.13:840][  0]LogTemp: Display: Loaded TP LinuxTargetPlatform
[2017.12.20-09.09.13:840][  0]LogTargetPlatformManager: Display: Building Assets For Windows
[2017.12.20-09.09.14:318][  0]LogDerivedDataCache: Display: Max Cache Size: 512 MB
[2017.12.20-09.09.14:427][  0]LogDerivedDataCache: Loaded boot cache 0.11s 93MB C:/Users/barto/AppData/Local/UnrealEngine/4.17/DerivedDataCache/Boot.ddc.
[2017.12.20-09.09.14:427][  0]LogDerivedDataCache: Display: Loaded Boot cache: C:/Users/barto/AppData/Local/UnrealEngine/4.17/DerivedDataCache/Boot.ddc
[2017.12.20-09.09.14:427][  0]LogDerivedDataCache: FDerivedDataBackendGraph:  Pak pak cache file C:/Users/barto/Documents/grypowazne/MyProject3/DerivedDataCache/DDC.ddp not found, will not use a pak cache.
[2017.12.20-09.09.14:427][  0]LogDerivedDataCache: Unable to find inner node Pak for hierarchical cache Hierarchy.
[2017.12.20-09.09.14:427][  0]LogDerivedDataCache: FDerivedDataBackendGraph:  CompressedPak pak cache file C:/Users/barto/Documents/grypowazne/MyProject3/DerivedDataCache/Compressed.ddp not found, will not use a pak cache.
[2017.12.20-09.09.14:427][  0]LogDerivedDataCache: Unable to find inner node CompressedPak for hierarchical cache Hierarchy.
[2017.12.20-09.09.14:445][  0]LogDerivedDataCache: Display: Pak cache opened for reading ../../../Engine/DerivedDataCache/Compressed.ddp.
[2017.12.20-09.09.14:457][  0]LogDerivedDataCache: Using Local data cache path C:/Users/barto/AppData/Local/UnrealEngine/Common/DerivedDataCache: Writable
[2017.12.20-09.09.14:471][  0]LogMaterial: Verifying Global Shaders for PCD3D_SM5
[2017.12.20-09.09.14:472][  0]LogSlate: Using Freetype 2.6.0
[2017.12.20-09.09.14:472][  0]LogSlate: SlateFontCache - WITH_FREETYPE: 1, WITH_HARFBUZZ: 1
[2017.12.20-09.09.14:472][  0]LogSlate: SlateFontCache - WITH_FREETYPE: 1, WITH_HARFBUZZ: 1
[2017.12.20-09.09.14:848][  0]LogAssetRegistry: FAssetRegistry took 0.0322 seconds to start up
[2017.12.20-09.09.15:004][  0]LogInit: Selected Device Profile: [Windows]
[2017.12.20-09.09.15:437][  0]LogSimplygon: Simplygon DLL not present - disabling.
[2017.12.20-09.09.15:479][  0]LogMeshReduction: Using SimplygonSwarm for distributed automatic mesh merging
[2017.12.20-09.09.15:480][  0]LogMeshReduction: Using QuadricMeshReduction for automatic static mesh reduction
[2017.12.20-09.09.15:480][  0]LogMeshReduction: No automatic skeletal mesh reduction module available
[2017.12.20-09.09.15:480][  0]LogMeshReduction: No automatic mesh merging module available
[2017.12.20-09.09.15:480][  0]LogMeshMerging: No automatic mesh merging module available
[2017.12.20-09.09.15:481][  0]LogContentStreaming: Texture pool size is 0.00 MB
[2017.12.20-09.09.16:114][  0]LogNetVersion: MyProject3 , NetCL: 3573198, EngineNetVer: 2, GameNetVer: 0 (Checksum: 843825019)
[2017.12.20-09.09.16:389][  0]LogPackageLocalizationCache: Processed 5 localized package path(s) for 1 prioritized culture(s) in 0.035859 seconds
[2017.12.20-09.09.16:399][  0]LogUObjectArray: 35825 objects as part of root set at end of initial load.
[2017.12.20-09.09.16:399][  0]LogUObjectAllocator: 7529104 out of 0 bytes used by permanent object pool.
[2017.12.20-09.09.16:399][  0]LogUObjectArray: CloseDisregardForGC: 0/0 objects in disregard for GC pool
[2017.12.20-09.09.16:467][  0]LogInit: WinSock: version 1.1 (2.2), MaxSocks=32767, MaxUdp=65467
[2017.12.20-09.09.19:594][  0]LogTcpMessaging: Initializing TcpMessaging bridge
[2017.12.20-09.09.19:635][  0]LogUdpMessaging: Initializing bridge on interface 0.0.0.0:0 to multicast group 230.0.0.1:6666.
[2017.12.20-09.09.20:181][  0]LogMaterial: Uniform references updated for custom material expression Custom.
[2017.12.20-09.09.20:512][  0]SourceControl: Source control is disabled
[2017.12.20-09.09.20:512][  0]SourceControl: Source control is disabled
[2017.12.20-09.09.20:547][  0]SourceControl: Source control is disabled
[2017.12.20-09.09.20:585][  0]SourceControl: Source control is disabled
[2017.12.20-09.09.21:065][  0]LogAndroidPermission: UAndroidPermissionCallbackProxy::GetInstance
[2017.12.20-09.09.21:276][  0]LogOcInput: OculusInput pre-init called
[2017.12.20-09.09.21:487][  0]LogEngine: Initializing Engine...
[2017.12.20-09.09.21:489][  0]LogHMD: Failed to initialize OpenVR with code 110
[2017.12.20-09.09.21:710][  0]LogStats: UGameplayTagsManager::ConstructGameplayTagTree: Construct from data asset -  0.000 s
[2017.12.20-09.09.21:710][  0]LogStats: UGameplayTagsManager::ConstructGameplayTagTree: GameplayTagTreeChangedEvent.Broadcast -  0.000 s
[2017.12.20-09.09.21:821][  0]LogAIModule: Creating AISystem for world Untitled
[2017.12.20-09.09.21:828][  0]LogInit: XAudio2 using 'Głośniki (Conexant SmartAudio HD)' : 2 channels at 48 kHz using 32 bits per sample (channel mask 0x3)
[2017.12.20-09.09.21:852][  0]LogInit: FAudioDevice initialized.
[2017.12.20-09.09.22:265][  0]LogDerivedDataCache: Saved boot cache 0.41s 93MB C:/Users/barto/AppData/Local/UnrealEngine/4.17/DerivedDataCache/Boot.ddc.
[2017.12.20-09.09.22:283][  0]LogInit: Texture streaming: Enabled
[2017.12.20-09.09.22:385][  0]LogEngineSessionManager: EngineSessionManager initialized
[2017.12.20-09.09.22:574][  0]LogInit: Transaction tracking system initialized
[2017.12.20-09.09.22:838][  0]BlueprintLog: New page: Editor Load
[2017.12.20-09.09.23:625][  0]LocalizationService: Localization service is disabled
[2017.12.20-09.09.24:196][  0]LogConsoleResponse: Display: 
[2017.12.20-09.09.24:376][  0]LogFileCache: Scanning file cache for directory 'C:/Users/barto/Documents/grypowazne/MyProject3/Content/' took 0.01s
[2017.12.20-09.09.24:376][  0]LogCook: Display: Max memory allowance for cook 16384mb min free memory 0mb
[2017.12.20-09.09.24:377][  0]LogCook: Display: Mobile HDR setting 1
[2017.12.20-09.09.24:377][  0]LogGameplayTags: Display: UGameplayTagsManager::DoneAddingNativeTags. DelegateIsBound: 0
[2017.12.20-09.09.25:234][  0]SourceControl: Source control is disabled
[2017.12.20-09.09.25:276][  0]LogFactory: FactoryCreateFile: PackFactory with PackFactory (0 0 E:/Programy/UE_4.17/FeaturePacks/StarterContent.upack)
[2017.12.20-09.09.25:352][  0]LogPackFactory: Finished extracting 8 files (including 0 errors).
[2017.12.20-09.09.25:371][  0]LogPackFactory: Copied "../../../Samples/StarterContent/Content/StarterContent/Architecture/Floor_400x400.uasset" to "C:/Users/barto/Documents/grypowazne/MyProject3/Content/StarterContent/Architecture/Floor_400x400.uasset"
[2017.12.20-09.09.25:396][  0]LogPackFactory: Copied "../../../Samples/StarterContent/Content/StarterContent/Architecture/Pillar_50x500.uasset" to "C:/Users/barto/Documents/grypowazne/MyProject3/Content/StarterContent/Architecture/Pillar_50x500.uasset"
[2017.12.20-09.09.25:417][  0]LogPackFactory: Copied "../../../Samples/StarterContent/Content/StarterContent/Architecture/SM_AssetPlatform.uasset" to "C:/Users/barto/Documents/grypowazne/MyProject3/Content/StarterContent/Architecture/SM_AssetPlatform.uasset"
[2017.12.20-09.09.25:432][  0]LogPackFactory: Copied "../../../Samples/StarterContent/Content/StarterContent/Architecture/Wall_400x200.uasset" to "C:/Users/barto/Documents/grypowazne/MyProject3/Content/StarterContent/Architecture/Wall_400x200.uasset"
[2017.12.20-09.09.25:466][  0]LogPackFactory: Copied "../../../Samples/StarterContent/Content/StarterContent/Architecture/Wall_400x300.uasset" to "C:/Users/barto/Documents/grypowazne/MyProject3/Content/StarterContent/Architecture/Wall_400x300.uasset"
[2017.12.20-09.09.25:483][  0]LogPackFactory: Copied "../../../Samples/StarterContent/Content/StarterContent/Architecture/Wall_400x400.uasset" to "C:/Users/barto/Documents/grypowazne/MyProject3/Content/StarterContent/Architecture/Wall_400x400.uasset"
[2017.12.20-09.09.25:507][  0]LogPackFactory: Copied "../../../Samples/StarterContent/Content/StarterContent/Architecture/Wall_500x500.uasset" to "C:/Users/barto/Documents/grypowazne/MyProject3/Content/StarterContent/Architecture/Wall_500x500.uasset"
[2017.12.20-09.09.25:523][  0]LogPackFactory: Copied "../../../Samples/StarterContent/Content/StarterContent/Architecture/Wall_Door_400x300.uasset" to "C:/Users/barto/Documents/grypowazne/MyProject3/Content/StarterContent/Architecture/Wall_Door_400x300.uasset"
[2017.12.20-09.09.25:544][  0]LogPackFactory: Copied "../../../Samples/StarterContent/Content/StarterContent/Architecture/Wall_Door_400x400.uasset" to "C:/Users/barto/Documents/grypowazne/MyProject3/Content/StarterContent/Architecture/Wall_Door_400x400.uasset"
[2017.12.20-09.09.25:566][  0]LogPackFactory: Copied "../../../Samples/StarterContent/Content/StarterContent/Architecture/Wall_Window_400x300.uasset" to "C:/Users/barto/Documents/grypowazne/MyProject3/Content/StarterContent/Architecture/Wall_Window_400x300.uasset"
[2017.12.20-09.09.25:576][  0]LogPackFactory: Copied "../../../Samples/StarterContent/Content/StarterContent/Architecture/Wall_Window_400x400.uasset" to "C:/Users/barto/Documents/grypowazne/MyProject3/Content/StarterContent/Architecture/Wall_Window_400x400.uasset"
[2017.12.20-09.09.25:633][  0]LogPackFactory: Copied "../../../Samples/StarterContent/Content/StarterContent/Audio/Collapse01.uasset" to "C:/Users/barto/Documents/grypowazne/MyProject3/Content/StarterContent/Audio/Collapse01.uasset"
[2017.12.20-09.09.25:681][  0]LogPackFactory: Copied "../../../Samples/StarterContent/Content/StarterContent/Audio/Collapse02.uasset" to "C:/Users/barto/Documents/grypowazne/MyProject3/Content/StarterContent/Audio/Collapse02.uasset"
[2017.12.20-09.09.25:701][  0]LogPackFactory: Copied "../../../Samples/StarterContent/Content/StarterContent/Audio/Collapse_Cue.uasset" to "C:/Users/barto/Documents/grypowazne/MyProject3/Content/StarterContent/Audio/Collapse_Cue.uasset"
[2017.12.20-09.09.25:719][  0]LogPackFactory: Copied "../../../Samples/StarterContent/Content/StarterContent/Audio/Explosion01.uasset" to "C:/Users/barto/Documents/grypowazne/MyProject3/Content/StarterContent/Audio/Explosion01.uasset"
[2017.12.20-09.09.25:740][  0]LogPackFactory: Copied "../../../Samples/StarterContent/Content/StarterContent/Audio/Explosion02.uasset" to "C:/Users/barto/Documents/grypowazne/MyProject3/Content/StarterContent/Audio/Explosion02.uasset"
[2017.12.20-09.09.25:754][  0]LogPackFactory: Copied "../../../Samples/StarterContent/Content/StarterContent/Audio/Explosion_Cue.uasset" to "C:/Users/barto/Documents/grypowazne/MyProject3/Content/StarterContent/Audio/Explosion_Cue.uasset"
[2017.12.20-09.09.25:777][  0]LogPackFactory: Copied "../../../Samples/StarterContent/Content/StarterContent/Audio/Fire01.uasset" to "C:/Users/barto/Documents/grypowazne/MyProject3/Content/StarterContent/Audio/Fire01.uasset"
[2017.12.20-09.09.25:794][  0]LogPackFactory: Copied "../../../Samples/StarterContent/Content/StarterContent/Audio/Fire01_Cue.uasset" to "C:/Users/barto/Documents/grypowazne/MyProject3/Content/StarterContent/Audio/Fire01_Cue.uasset"
[2017.12.20-09.09.25:816][  0]LogPackFactory: Copied "../../../Samples/StarterContent/Content/StarterContent/Audio/Fire_Sparks01.uasset" to "C:/Users/barto/Documents/grypowazne/MyProject3/Content/StarterContent/Audio/Fire_Sparks01.uasset"
[2017.12.20-09.09.25:833][  0]LogPackFactory: Copied "../../../Samples/StarterContent/Content/StarterContent/Audio/Fire_Sparks01_Cue.uasset" to "C:/Users/barto/Documents/grypowazne/MyProject3/Content/StarterContent/Audio/Fire_Sparks01_Cue.uasset"
[2017.12.20-09.09.25:863][  0]LogPackFactory: Copied "../../../Samples/StarterContent/Content/StarterContent/Audio/Light01.uasset" to "C:/Users/barto/Documents/grypowazne/MyProject3/Content/StarterContent/Audio/Light01.uasset"
[2017.12.20-09.09.25:871][  0]LogPackFactory: Copied "../../../Samples/StarterContent/Content/StarterContent/Audio/Light01_Cue.uasset" to "C:/Users/barto/Documents/grypowazne/MyProject3/Content/StarterContent/Audio/Light01_Cue.uasset"
[2017.12.20-09.09.26:000][  0]LogPackFactory: Copied "../../../Samples/StarterContent/Content/StarterContent/Audio/Light02.uasset" to "C:/Users/barto/Documents/grypowazne/MyProject3/Content/StarterContent/Audio/Light02.uasset"
[2017.12.20-09.09.26:007][  0]LogPackFactory: Copied "../../../Samples/StarterContent/Content/StarterContent/Audio/Light02_Cue.uasset" to "C:/Users/barto/Documents/grypowazne/MyProject3/Content/StarterContent/Audio/Light02_Cue.uasset"
[2017.12.20-09.09.26:036][  0]LogPackFactory: Copied "../../../Samples/StarterContent/Content/StarterContent/Audio/Smoke01.uasset" to "C:/Users/barto/Documents/grypowazne/MyProject3/Content/StarterContent/Audio/Smoke01.uasset"
[2017.12.20-09.09.26:043][  0]LogPackFactory: Copied "../../../Samples/StarterContent/Content/StarterContent/Audio/Smoke01_Cue.uasset" to "C:/Users/barto/Documents/grypowazne/MyProject3/Content/StarterContent/Audio/Smoke01_Cue.uasset"
[2017.12.20-09.09.26:065][  0]LogPackFactory: Copied "../../../Samples/StarterContent/Content/StarterContent/Audio/Starter_Background_Cue.uasset" to "C:/Users/barto/Documents/grypowazne/MyProject3/Content/StarterContent/Audio/Starter_Background_Cue.uasset"
[2017.12.20-09.09.26:197][  0]LogPackFactory: Copied "../../../Samples/StarterContent/Content/StarterContent/Audio/Starter_Birds01.uasset" to "C:/Users/barto/Documents/grypowazne/MyProject3/Content/StarterContent/Audio/Starter_Birds01.uasset"
[2017.12.20-09.09.26:290][  0]LogPackFactory: Copied "../../../Samples/StarterContent/Content/StarterContent/Audio/Starter_Music01.uasset" to "C:/Users/barto/Documents/grypowazne/MyProject3/Content/StarterContent/Audio/Starter_Music01.uasset"
[2017.12.20-09.09.26:308][  0]LogPackFactory: Copied "../../../Samples/StarterContent/Content/StarterContent/Audio/Starter_Music_Cue.uasset" to "C:/Users/barto/Documents/grypowazne/MyProject3/Content/StarterContent/Audio/Starter_Music_Cue.uasset"
[2017.12.20-09.09.26:350][  0]LogPackFactory: Copied "../../../Samples/StarterContent/Content/StarterContent/Audio/Starter_Wind05.uasset" to "C:/Users/barto/Documents/grypowazne/MyProject3/Content/StarterContent/Audio/Starter_Wind05.uasset"
[2017.12.20-09.09.26:481][  0]LogPackFactory: Copied "../../../Samples/StarterContent/Content/StarterContent/Audio/Starter_Wind06.uasset" to "C:/Users/barto/Documents/grypowazne/MyProject3/Content/StarterContent/Audio/Starter_Wind06.uasset"
[2017.12.20-09.09.26:515][  0]LogPackFactory: Copied "../../../Samples/StarterContent/Content/StarterContent/Audio/Steam01.uasset" to "C:/Users/barto/Documents/grypowazne/MyProject3/Content/StarterContent/Audio/Steam01.uasset"
[2017.12.20-09.09.26:532][  0]LogPackFactory: Copied "../../../Samples/StarterContent/Content/StarterContent/Audio/Steam01_Cue.uasset" to "C:/Users/barto/Documents/grypowazne/MyProject3/Content/StarterContent/Audio/Steam01_Cue.uasset"
[2017.12.20-09.09.26:565][  0]LogPackFactory: Copied "../../../Samples/StarterContent/Content/StarterContent/Blueprints/Blueprint_CeilingLight.uasset" to "C:/Users/barto/Documents/grypowazne/MyProject3/Content/StarterContent/Blueprints/Blueprint_CeilingLight.uasset"
[2017.12.20-09.09.26:584][  0]LogPackFactory: Copied "../../../Samples/StarterContent/Content/StarterContent/Blueprints/Blueprint_Effect_Explosion.uasset" to "C:/Users/barto/Documents/grypowazne/MyProject3/Content/StarterContent/Blueprints/Blueprint_Effect_Explosion.uasset"
[2017.12.20-09.09.26:596][  0]LogPackFactory: Copied "../../../Samples/StarterContent/Content/StarterContent/Blueprints/Blueprint_Effect_Fire.uasset" to "C:/Users/barto/Documents/grypowazne/MyProject3/Content/StarterContent/Blueprints/Blueprint_Effect_Fire.uasset"
[2017.12.20-09.09.26:606][  0]LogPackFactory: Copied "../../../Samples/StarterContent/Content/StarterContent/Blueprints/Blueprint_Effect_Smoke.uasset" to "C:/Users/barto/Documents/grypowazne/MyProject3/Content/StarterContent/Blueprints/Blueprint_Effect_Smoke.uasset"
[2017.12.20-09.09.26:642][  0]LogPackFactory: Copied "../../../Samples/StarterContent/Content/StarterContent/Blueprints/Blueprint_Effect_Sparks.uasset" to "C:/Users/barto/Documents/grypowazne/MyProject3/Content/StarterContent/Blueprints/Blueprint_Effect_Sparks.uasset"
[2017.12.20-09.09.26:656][  0]LogPackFactory: Copied "../../../Samples/StarterContent/Content/StarterContent/Blueprints/Blueprint_Effect_Steam.uasset" to "C:/Users/barto/Documents/grypowazne/MyProject3/Content/StarterContent/Blueprints/Blueprint_Effect_Steam.uasset"
[2017.12.20-09.09.26:704][  0]LogPackFactory: Copied "../../../Samples/StarterContent/Content/StarterContent/Blueprints/Blueprint_WallSconce.uasset" to "C:/Users/barto/Documents/grypowazne/MyProject3/Content/StarterContent/Blueprints/Blueprint_WallSconce.uasset"
[2017.12.20-09.09.26:754][  0]LogPackFactory: Copied "../../../Samples/StarterContent/Content/StarterContent/Blueprints/BP_LightStudio.uasset" to "C:/Users/barto/Documents/grypowazne/MyProject3/Content/StarterContent/Blueprints/BP_LightStudio.uasset"
[2017.12.20-09.09.26:800][  0]LogPackFactory: Copied "../../../Samples/StarterContent/Content/StarterContent/Blueprints/Assets/FogBrightnessLUT.uasset" to "C:/Users/barto/Documents/grypowazne/MyProject3/Content/StarterContent/Blueprints/Assets/FogBrightnessLUT.uasset"
[2017.12.20-09.09.26:822][  0]LogPackFactory: Copied "../../../Samples/StarterContent/Content/StarterContent/Blueprints/Assets/M_LightStage_Arrows.uasset" to "C:/Users/barto/Documents/grypowazne/MyProject3/Content/StarterContent/Blueprints/Assets/M_LightStage_Arrows.uasset"
[2017.12.20-09.09.26:847][  0]LogPackFactory: Copied "../../../Samples/StarterContent/Content/StarterContent/Blueprints/Assets/M_LightStage_Skybox_Black.uasset" to "C:/Users/barto/Documents/grypowazne/MyProject3/Content/StarterContent/Blueprints/Assets/M_LightStage_Skybox_Black.uasset"
[2017.12.20-09.09.26:866][  0]LogPackFactory: Copied "../../../Samples/StarterContent/Content/StarterContent/Blueprints/Assets/M_LightStage_Skybox_HDRI.uasset" to "C:/Users/barto/Documents/grypowazne/MyProject3/Content/StarterContent/Blueprints/Assets/M_LightStage_Skybox_HDRI.uasset"
[2017.12.20-09.09.26:883][  0]LogPackFactory: Copied "../../../Samples/StarterContent/Content/StarterContent/Blueprints/Assets/M_LightStage_Skybox_Master.uasset" to "C:/Users/barto/Documents/grypowazne/MyProject3/Content/StarterContent/Blueprints/Assets/M_LightStage_Skybox_Master.uasset"
[2017.12.20-09.09.26:911][  0]LogPackFactory: Copied "../../../Samples/StarterContent/Content/StarterContent/Blueprints/Assets/Skybox.uasset" to "C:/Users/barto/Documents/grypowazne/MyProject3/Content/StarterContent/Blueprints/Assets/Skybox.uasset"
[2017.12.20-09.09.26:954][  0]LogPackFactory: Copied "../../../Samples/StarterContent/Content/StarterContent/Blueprints/Assets/SM_Arrows.uasset" to "C:/Users/barto/Documents/grypowazne/MyProject3/Content/StarterContent/Blueprints/Assets/SM_Arrows.uasset"
[2017.12.20-09.09.26:978][  0]LogPackFactory: Copied "../../../Samples/StarterContent/Content/StarterContent/Blueprints/Assets/SunlightColorLUT.uasset" to "C:/Users/barto/Documents/grypowazne/MyProject3/Content/StarterContent/Blueprints/Assets/SunlightColorLUT.uasset"
[2017.12.20-09.09.28:685][  0]LogPackFactory: Copied "../../../Samples/StarterContent/Content/StarterContent/HDRI/HDRI_Epic_Courtyard_Daylight.uasset" to "C:/Users/barto/Documents/grypowazne/MyProject3/Content/StarterContent/HDRI/HDRI_Epic_Courtyard_Daylight.uasset"
[2017.12.20-09.09.28:930][  0]LogPackFactory: Copied "../../../Samples/StarterContent/Content/StarterContent/Maps/Advanced_Lighting.umap" to "C:/Users/barto/Documents/grypowazne/MyProject3/Content/StarterContent/Maps/Advanced_Lighting.umap"
[2017.12.20-09.09.28:945][  0]LogPackFactory: Copied "../../../Samples/StarterContent/Content/StarterContent/Maps/Advanced_Lighting_BuiltData.uasset" to "C:/Users/barto/Documents/grypowazne/MyProject3/Content/StarterContent/Maps/Advanced_Lighting_BuiltData.uasset"
[2017.12.20-09.09.28:974][  0]LogPackFactory: Copied "../../../Samples/StarterContent/Content/StarterContent/Maps/Minimal_Default.umap" to "C:/Users/barto/Documents/grypowazne/MyProject3/Content/StarterContent/Maps/Minimal_Default.umap"
[2017.12.20-09.09.29:019][  0]LogPackFactory: Copied "../../../Samples/StarterContent/Content/StarterContent/Maps/Minimal_Default_BuiltData.uasset" to "C:/Users/barto/Documents/grypowazne/MyProject3/Content/StarterContent/Maps/Minimal_Default_BuiltData.uasset"
[2017.12.20-09.09.29:093][  0]LogPackFactory: Copied "../../../Samples/StarterContent/Content/StarterContent/Maps/StarterMap.umap" to "C:/Users/barto/Documents/grypowazne/MyProject3/Content/StarterContent/Maps/StarterMap.umap"
[2017.12.20-09.09.29:212][  0]LogPackFactory: Copied "../../../Samples/StarterContent/Content/StarterContent/Maps/StarterMap_BuiltData.uasset" to "C:/Users/barto/Documents/grypowazne/MyProject3/Content/StarterContent/Maps/StarterMap_BuiltData.uasset"
[2017.12.20-09.09.29:234][  0]LogPackFactory: Copied "../../../Samples/StarterContent/Content/StarterContent/Materials/M_AssetPlatform.uasset" to "C:/Users/barto/Documents/grypowazne/MyProject3/Content/StarterContent/Materials/M_AssetPlatform.uasset"
[2017.12.20-09.09.29:270][  0]LogPackFactory: Copied "../../../Samples/StarterContent/Content/StarterContent/Materials/M_Basic_Floor.uasset" to "C:/Users/barto/Documents/grypowazne/MyProject3/Content/StarterContent/Materials/M_Basic_Floor.uasset"
[2017.12.20-09.09.29:281][  0]LogPackFactory: Copied "../../../Samples/StarterContent/Content/StarterContent/Materials/M_Basic_Wall.uasset" to "C:/Users/barto/Documents/grypowazne/MyProject3/Content/StarterContent/Materials/M_Basic_Wall.uasset"
[2017.12.20-09.09.29:304][  0]LogPackFactory: Copied "../../../Samples/StarterContent/Content/StarterContent/Materials/M_Brick_Clay_Beveled.uasset" to "C:/Users/barto/Documents/grypowazne/MyProject3/Content/StarterContent/Materials/M_Brick_Clay_Beveled.uasset"
[2017.12.20-09.09.29:324][  0]LogPackFactory: Copied "../../../Samples/StarterContent/Content/StarterContent/Materials/M_Brick_Clay_New.uasset" to "C:/Users/barto/Documents/grypowazne/MyProject3/Content/StarterContent/Materials/M_Brick_Clay_New.uasset"
[2017.12.20-09.09.29:343][  0]LogPackFactory: Copied "../../../Samples/StarterContent/Content/StarterContent/Materials/M_Brick_Clay_Old.uasset" to "C:/Users/barto/Documents/grypowazne/MyProject3/Content/StarterContent/Materials/M_Brick_Clay_Old.uasset"
[2017.12.20-09.09.29:438][  0]LogPackFactory: Copied "../../../Samples/StarterContent/Content/StarterContent/Materials/M_Brick_Cut_Stone.uasset" to "C:/Users/barto/Documents/grypowazne/MyProject3/Content/StarterContent/Materials/M_Brick_Cut_Stone.uasset"
[2017.12.20-09.09.29:464][  0]LogPackFactory: Copied "../../../Samples/StarterContent/Content/StarterContent/Materials/M_Brick_Hewn_Stone.uasset" to "C:/Users/barto/Documents/grypowazne/MyProject3/Content/StarterContent/Materials/M_Brick_Hewn_Stone.uasset"
[2017.12.20-09.09.29:486][  0]LogPackFactory: Copied "../../../Samples/StarterContent/Content/StarterContent/Materials/M_Ceramic_Tile_Checker.uasset" to "C:/Users/barto/Documents/grypowazne/MyProject3/Content/StarterContent/Materials/M_Ceramic_Tile_Checker.uasset"
[2017.12.20-09.09.29:501][  0]LogPackFactory: Copied "../../../Samples/StarterContent/Content/StarterContent/Materials/M_CobbleStone_Pebble.uasset" to "C:/Users/barto/Documents/grypowazne/MyProject3/Content/StarterContent/Materials/M_CobbleStone_Pebble.uasset"
[2017.12.20-09.09.29:581][  0]LogPackFactory: Copied "../../../Samples/StarterContent/Content/StarterContent/Materials/M_CobbleStone_Rough.uasset" to "C:/Users/barto/Documents/grypowazne/MyProject3/Content/StarterContent/Materials/M_CobbleStone_Rough.uasset"
[2017.12.20-09.09.29:599][  0]LogPackFactory: Copied "../../../Samples/StarterContent/Content/StarterContent/Materials/M_CobbleStone_Smooth.uasset" to "C:/Users/barto/Documents/grypowazne/MyProject3/Content/StarterContent/Materials/M_CobbleStone_Smooth.uasset"
[2017.12.20-09.09.29:620][  0]LogPackFactory: Copied "../../../Samples/StarterContent/Content/StarterContent/Materials/M_ColorGrid_LowSpec.uasset" to "C:/Users/barto/Documents/grypowazne/MyProject3/Content/StarterContent/Materials/M_ColorGrid_LowSpec.uasset"
[2017.12.20-09.09.29:646][  0]LogPackFactory: Copied "../../../Samples/StarterContent/Content/StarterContent/Materials/M_Concrete_Grime.uasset" to "C:/Users/barto/Documents/grypowazne/MyProject3/Content/StarterContent/Materials/M_Concrete_Grime.uasset"
[2017.12.20-09.09.29:667][  0]LogPackFactory: Copied "../../../Samples/StarterContent/Content/StarterContent/Materials/M_Concrete_Panels.uasset" to "C:/Users/barto/Documents/grypowazne/MyProject3/Content/StarterContent/Materials/M_Concrete_Panels.uasset"
[2017.12.20-09.09.29:689][  0]LogPackFactory: Copied "../../../Samples/StarterContent/Content/StarterContent/Materials/M_Concrete_Poured.uasset" to "C:/Users/barto/Documents/grypowazne/MyProject3/Content/StarterContent/Materials/M_Concrete_Poured.uasset"
[2017.12.20-09.09.29:712][  0]LogPackFactory: Copied "../../../Samples/StarterContent/Content/StarterContent/Materials/M_Concrete_Tiles.uasset" to "C:/Users/barto/Documents/grypowazne/MyProject3/Content/StarterContent/Materials/M_Concrete_Tiles.uasset"
[2017.12.20-09.09.29:733][  0]LogPackFactory: Copied "../../../Samples/StarterContent/Content/StarterContent/Materials/M_Glass.uasset" to "C:/Users/barto/Documents/grypowazne/MyProject3/Content/StarterContent/Materials/M_Glass.uasset"
[2017.12.20-09.09.29:753][  0]LogPackFactory: Copied "../../../Samples/StarterContent/Content/StarterContent/Materials/M_Ground_Grass.uasset" to "C:/Users/barto/Documents/grypowazne/MyProject3/Content/StarterContent/Materials/M_Ground_Grass.uasset"
[2017.12.20-09.09.29:767][  0]LogPackFactory: Copied "../../../Samples/StarterContent/Content/StarterContent/Materials/M_Ground_Gravel.uasset" to "C:/Users/barto/Documents/grypowazne/MyProject3/Content/StarterContent/Materials/M_Ground_Gravel.uasset"
[2017.12.20-09.09.29:784][  0]LogPackFactory: Copied "../../../Samples/StarterContent/Content/StarterContent/Materials/M_Ground_Moss.uasset" to "C:/Users/barto/Documents/grypowazne/MyProject3/Content/StarterContent/Materials/M_Ground_Moss.uasset"
[2017.12.20-09.09.29:807][  0]LogPackFactory: Copied "../../../Samples/StarterContent/Content/StarterContent/Materials/M_Metal_Brushed_Nickel.uasset" to "C:/Users/barto/Documents/grypowazne/MyProject3/Content/StarterContent/Materials/M_Metal_Brushed_Nickel.uasset"
[2017.12.20-09.09.29:816][  0]LogPackFactory: Copied "../../../Samples/StarterContent/Content/StarterContent/Materials/M_Metal_Burnished_Steel.uasset" to "C:/Users/barto/Documents/grypowazne/MyProject3/Content/StarterContent/Materials/M_Metal_Burnished_Steel.uasset"
[2017.12.20-09.09.29:837][  0]LogPackFactory: Copied "../../../Samples/StarterContent/Content/StarterContent/Materials/M_Metal_Chrome.uasset" to "C:/Users/barto/Documents/grypowazne/MyProject3/Content/StarterContent/Materials/M_Metal_Chrome.uasset"
[2017.12.20-09.09.29:857][  0]LogPackFactory: Copied "../../../Samples/StarterContent/Content/StarterContent/Materials/M_Metal_Copper.uasset" to "C:/Users/barto/Documents/grypowazne/MyProject3/Content/StarterContent/Materials/M_Metal_Copper.uasset"
[2017.12.20-09.09.29:893][  0]LogPackFactory: Copied "../../../Samples/StarterContent/Content/StarterContent/Materials/M_Metal_Gold.uasset" to "C:/Users/barto/Documents/grypowazne/MyProject3/Content/StarterContent/Materials/M_Metal_Gold.uasset"
[2017.12.20-09.09.29:913][  0]LogPackFactory: Copied "../../../Samples/StarterContent/Content/StarterContent/Materials/M_Metal_Rust.uasset" to "C:/Users/barto/Documents/grypowazne/MyProject3/Content/StarterContent/Materials/M_Metal_Rust.uasset"
[2017.12.20-09.09.30:001][  0]LogPackFactory: Copied "../../../Samples/StarterContent/Content/StarterContent/Materials/M_Metal_Steel.uasset" to "C:/Users/barto/Documents/grypowazne/MyProject3/Content/StarterContent/Materials/M_Metal_Steel.uasset"
[2017.12.20-09.09.30:134][  0]LogPackFactory: Copied "../../../Samples/StarterContent/Content/StarterContent/Materials/M_Rock_Basalt.uasset" to "C:/Users/barto/Documents/grypowazne/MyProject3/Content/StarterContent/Materials/M_Rock_Basalt.uasset"
[2017.12.20-09.09.30:215][  0]LogPackFactory: Copied "../../../Samples/StarterContent/Content/StarterContent/Materials/M_Rock_Marble_Polished.uasset" to "C:/Users/barto/Documents/grypowazne/MyProject3/Content/StarterContent/Materials/M_Rock_Marble_Polished.uasset"
[2017.12.20-09.09.30:341][  0]LogPackFactory: Copied "../../../Samples/StarterContent/Content/StarterContent/Materials/M_Rock_Sandstone.uasset" to "C:/Users/barto/Documents/grypowazne/MyProject3/Content/StarterContent/Materials/M_Rock_Sandstone.uasset"
[2017.12.20-09.09.30:438][  0]LogPackFactory: Copied "../../../Samples/StarterContent/Content/StarterContent/Materials/M_Rock_Slate.uasset" to "C:/Users/barto/Documents/grypowazne/MyProject3/Content/StarterContent/Materials/M_Rock_Slate.uasset"
[2017.12.20-09.09.30:536][  0]LogPackFactory: Copied "../../../Samples/StarterContent/Content/StarterContent/Materials/M_Tech_Checker_Dot.uasset" to "C:/Users/barto/Documents/grypowazne/MyProject3/Content/StarterContent/Materials/M_Tech_Checker_Dot.uasset"
[2017.12.20-09.09.30:694][  0]LogPackFactory: Copied "../../../Samples/StarterContent/Content/StarterContent/Materials/M_Tech_Hex_Tile.uasset" to "C:/Users/barto/Documents/grypowazne/MyProject3/Content/StarterContent/Materials/M_Tech_Hex_Tile.uasset"
[2017.12.20-09.09.30:929][  0]LogPackFactory: Copied "../../../Samples/StarterContent/Content/StarterContent/Materials/M_Tech_Hex_Tile_Pulse.uasset" to "C:/Users/barto/Documents/grypowazne/MyProject3/Content/StarterContent/Materials/M_Tech_Hex_Tile_Pulse.uasset"
[2017.12.20-09.09.30:958][  0]LogPackFactory: Copied "../../../Samples/StarterContent/Content/StarterContent/Materials/M_Tech_Panel.uasset" to "C:/Users/barto/Documents/grypowazne/MyProject3/Content/StarterContent/Materials/M_Tech_Panel.uasset"
[2017.12.20-09.09.30:977][  0]LogPackFactory: Copied "../../../Samples/StarterContent/Content/StarterContent/Materials/M_Water_Lake.uasset" to "C:/Users/barto/Documents/grypowazne/MyProject3/Content/StarterContent/Materials/M_Water_Lake.uasset"
[2017.12.20-09.09.31:005][  0]LogPackFactory: Copied "../../../Samples/StarterContent/Content/StarterContent/Materials/M_Water_Ocean.uasset" to "C:/Users/barto/Documents/grypowazne/MyProject3/Content/StarterContent/Materials/M_Water_Ocean.uasset"
[2017.12.20-09.09.31:028][  0]LogPackFactory: Copied "../../../Samples/StarterContent/Content/StarterContent/Materials/M_Wood_Floor_Walnut_Polished.uasset" to "C:/Users/barto/Documents/grypowazne/MyProject3/Content/StarterContent/Materials/M_Wood_Floor_Walnut_Polished.uasset"
[2017.12.20-09.09.31:046][  0]LogPackFactory: Copied "../../../Samples/StarterContent/Content/StarterContent/Materials/M_Wood_Floor_Walnut_Worn.uasset" to "C:/Users/barto/Documents/grypowazne/MyProject3/Content/StarterContent/Materials/M_Wood_Floor_Walnut_Worn.uasset"
[2017.12.20-09.09.31:067][  0]LogPackFactory: Copied "../../../Samples/StarterContent/Content/StarterContent/Materials/M_Wood_Oak.uasset" to "C:/Users/barto/Documents/grypowazne/MyProject3/Content/StarterContent/Materials/M_Wood_Oak.uasset"
[2017.12.20-09.09.31:083][  0]LogPackFactory: Copied "../../../Samples/StarterContent/Content/StarterContent/Materials/M_Wood_Pine.uasset" to "C:/Users/barto/Documents/grypowazne/MyProject3/Content/StarterContent/Materials/M_Wood_Pine.uasset"
[2017.12.20-09.09.31:108][  0]LogPackFactory: Copied "../../../Samples/StarterContent/Content/StarterContent/Materials/M_Wood_Walnut.uasset" to "C:/Users/barto/Documents/grypowazne/MyProject3/Content/StarterContent/Materials/M_Wood_Walnut.uasset"
[2017.12.20-09.09.31:150][  0]LogPackFactory: Copied "../../../Samples/StarterContent/Content/StarterContent/Particles/P_Ambient_Dust.uasset" to "C:/Users/barto/Documents/grypowazne/MyProject3/Content/StarterContent/Particles/P_Ambient_Dust.uasset"
[2017.12.20-09.09.31:167][  0]LogPackFactory: Copied "../../../Samples/StarterContent/Content/StarterContent/Particles/P_Explosion.uasset" to "C:/Users/barto/Documents/grypowazne/MyProject3/Content/StarterContent/Particles/P_Explosion.uasset"
[2017.12.20-09.09.31:207][  0]LogPackFactory: Copied "../../../Samples/StarterContent/Content/StarterContent/Particles/P_Fire.uasset" to "C:/Users/barto/Documents/grypowazne/MyProject3/Content/StarterContent/Particles/P_Fire.uasset"
[2017.12.20-09.09.31:229][  0]LogPackFactory: Copied "../../../Samples/StarterContent/Content/StarterContent/Particles/P_Smoke.uasset" to "C:/Users/barto/Documents/grypowazne/MyProject3/Content/StarterContent/Particles/P_Smoke.uasset"
[2017.12.20-09.09.31:255][  0]LogPackFactory: Copied "../../../Samples/StarterContent/Content/StarterContent/Particles/P_Sparks.uasset" to "C:/Users/barto/Documents/grypowazne/MyProject3/Content/StarterContent/Particles/P_Sparks.uasset"
[2017.12.20-09.09.31:276][  0]LogPackFactory: Copied "../../../Samples/StarterContent/Content/StarterContent/Particles/P_Steam_Lit.uasset" to "C:/Users/barto/Documents/grypowazne/MyProject3/Content/StarterContent/Particles/P_Steam_Lit.uasset"
[2017.12.20-09.09.31:297][  0]LogPackFactory: Copied "../../../Samples/StarterContent/Content/StarterContent/Particles/Materials/M_Burst.uasset" to "C:/Users/barto/Documents/grypowazne/MyProject3/Content/StarterContent/Particles/Materials/M_Burst.uasset"
[2017.12.20-09.09.31:471][  0]LogPackFactory: Copied "../../../Samples/StarterContent/Content/StarterContent/Particles/Materials/M_Dust_Particle.uasset" to "C:/Users/barto/Documents/grypowazne/MyProject3/Content/StarterContent/Particles/Materials/M_Dust_Particle.uasset"
[2017.12.20-09.09.31:520][  0]LogPackFactory: Copied "../../../Samples/StarterContent/Content/StarterContent/Particles/Materials/M_explosion_subUV.uasset" to "C:/Users/barto/Documents/grypowazne/MyProject3/Content/StarterContent/Particles/Materials/M_explosion_subUV.uasset"
[2017.12.20-09.09.31:610][  0]LogPackFactory: Copied "../../../Samples/StarterContent/Content/StarterContent/Particles/Materials/M_Fire_SubUV.uasset" to "C:/Users/barto/Documents/grypowazne/MyProject3/Content/StarterContent/Particles/Materials/M_Fire_SubUV.uasset"
[2017.12.20-09.09.31:853][  0]LogPackFactory: Copied "../../../Samples/StarterContent/Content/StarterContent/Particles/Materials/m_flare_01.uasset" to "C:/Users/barto/Documents/grypowazne/MyProject3/Content/StarterContent/Particles/Materials/m_flare_01.uasset"
[2017.12.20-09.09.32:133][  0]LogPackFactory: Copied "../../../Samples/StarterContent/Content/StarterContent/Particles/Materials/M_Heat_Distortion.uasset" to "C:/Users/barto/Documents/grypowazne/MyProject3/Content/StarterContent/Particles/Materials/M_Heat_Distortion.uasset"
[2017.12.20-09.09.32:202][  0]LogPackFactory: Copied "../../../Samples/StarterContent/Content/StarterContent/Particles/Materials/M_Radial_Gradient.uasset" to "C:/Users/barto/Documents/grypowazne/MyProject3/Content/StarterContent/Particles/Materials/M_Radial_Gradient.uasset"
[2017.12.20-09.09.32:227][  0]LogPackFactory: Copied "../../../Samples/StarterContent/Content/StarterContent/Particles/Materials/M_radial_ramp.uasset" to "C:/Users/barto/Documents/grypowazne/MyProject3/Content/StarterContent/Particles/Materials/M_radial_ramp.uasset"
[2017.12.20-09.09.32:258][  0]LogPackFactory: Copied "../../../Samples/StarterContent/Content/StarterContent/Particles/Materials/M_smoke_subUV.uasset" to "C:/Users/barto/Documents/grypowazne/MyProject3/Content/StarterContent/Particles/Materials/M_smoke_subUV.uasset"
[2017.12.20-09.09.32:280][  0]LogPackFactory: Copied "../../../Samples/StarterContent/Content/StarterContent/Particles/Materials/M_Spark.uasset" to "C:/Users/barto/Documents/grypowazne/MyProject3/Content/StarterContent/Particles/Materials/M_Spark.uasset"
[2017.12.20-09.09.32:333][  0]LogPackFactory: Copied "../../../Samples/StarterContent/Content/StarterContent/Props/MaterialSphere.uasset" to "C:/Users/barto/Documents/grypowazne/MyProject3/Content/StarterContent/Props/MaterialSphere.uasset"
[2017.12.20-09.09.32:388][  0]LogPackFactory: Copied "../../../Samples/StarterContent/Content/StarterContent/Props/SM_Bush.uasset" to "C:/Users/barto/Documents/grypowazne/MyProject3/Content/StarterContent/Props/SM_Bush.uasset"
[2017.12.20-09.09.32:402][  0]LogPackFactory: Copied "../../../Samples/StarterContent/Content/StarterContent/Props/SM_Chair.uasset" to "C:/Users/barto/Documents/grypowazne/MyProject3/Content/StarterContent/Props/SM_Chair.uasset"
[2017.12.20-09.09.32:439][  0]LogPackFactory: Copied "../../../Samples/StarterContent/Content/StarterContent/Props/SM_CornerFrame.uasset" to "C:/Users/barto/Documents/grypowazne/MyProject3/Content/StarterContent/Props/SM_CornerFrame.uasset"
[2017.12.20-09.09.32:501][  0]LogPackFactory: Copied "../../../Samples/StarterContent/Content/StarterContent/Props/SM_Couch.uasset" to "C:/Users/barto/Documents/grypowazne/MyProject3/Content/StarterContent/Props/SM_Couch.uasset"
[2017.12.20-09.09.32:511][  0]LogPackFactory: Copied "../../../Samples/StarterContent/Content/StarterContent/Props/SM_Door.uasset" to "C:/Users/barto/Documents/grypowazne/MyProject3/Content/StarterContent/Props/SM_Door.uasset"
[2017.12.20-09.09.32:529][  0]LogPackFactory: Copied "../../../Samples/StarterContent/Content/StarterContent/Props/SM_DoorFrame.uasset" to "C:/Users/barto/Documents/grypowazne/MyProject3/Content/StarterContent/Props/SM_DoorFrame.uasset"
[2017.12.20-09.09.32:554][  0]LogPackFactory: Copied "../../../Samples/StarterContent/Content/StarterContent/Props/SM_GlassWindow.uasset" to "C:/Users/barto/Documents/grypowazne/MyProject3/Content/StarterContent/Props/SM_GlassWindow.uasset"
[2017.12.20-09.09.32:572][  0]LogPackFactory: Copied "../../../Samples/StarterContent/Content/StarterContent/Props/SM_Lamp_Ceiling.uasset" to "C:/Users/barto/Documents/grypowazne/MyProject3/Content/StarterContent/Props/SM_Lamp_Ceiling.uasset"
[2017.12.20-09.09.32:598][  0]LogPackFactory: Copied "../../../Samples/StarterContent/Content/StarterContent/Props/SM_Lamp_Wall.uasset" to "C:/Users/barto/Documents/grypowazne/MyProject3/Content/StarterContent/Props/SM_Lamp_Wall.uasset"
[2017.12.20-09.09.32:658][  0]LogPackFactory: Copied "../../../Samples/StarterContent/Content/StarterContent/Props/SM_MatPreviewMesh_02.uasset" to "C:/Users/barto/Documents/grypowazne/MyProject3/Content/StarterContent/Props/SM_MatPreviewMesh_02.uasset"
[2017.12.20-09.09.32:686][  0]LogPackFactory: Copied "../../../Samples/StarterContent/Content/StarterContent/Props/SM_PillarFrame.uasset" to "C:/Users/barto/Documents/grypowazne/MyProject3/Content/StarterContent/Props/SM_PillarFrame.uasset"
[2017.12.20-09.09.32:943][  0]LogPackFactory: Copied "../../../Samples/StarterContent/Content/StarterContent/Props/SM_PillarFrame300.uasset" to "C:/Users/barto/Documents/grypowazne/MyProject3/Content/StarterContent/Props/SM_PillarFrame300.uasset"
[2017.12.20-09.09.33:153][  0]LogPackFactory: Copied "../../../Samples/StarterContent/Content/StarterContent/Props/SM_Rock.uasset" to "C:/Users/barto/Documents/grypowazne/MyProject3/Content/StarterContent/Props/SM_Rock.uasset"
[2017.12.20-09.09.33:233][  0]LogPackFactory: Copied "../../../Samples/StarterContent/Content/StarterContent/Props/SM_Shelf.uasset" to "C:/Users/barto/Documents/grypowazne/MyProject3/Content/StarterContent/Props/SM_Shelf.uasset"
[2017.12.20-09.09.33:254][  0]LogPackFactory: Copied "../../../Samples/StarterContent/Content/StarterContent/Props/SM_Stairs.uasset" to "C:/Users/barto/Documents/grypowazne/MyProject3/Content/StarterContent/Props/SM_Stairs.uasset"
[2017.12.20-09.09.33:314][  0]LogPackFactory: Copied "../../../Samples/StarterContent/Content/StarterContent/Props/SM_Statue.uasset" to "C:/Users/barto/Documents/grypowazne/MyProject3/Content/StarterContent/Props/SM_Statue.uasset"
[2017.12.20-09.09.33:370][  0]LogPackFactory: Copied "../../../Samples/StarterContent/Content/StarterContent/Props/SM_TableRound.uasset" to "C:/Users/barto/Documents/grypowazne/MyProject3/Content/StarterContent/Props/SM_TableRound.uasset"
[2017.12.20-09.09.33:387][  0]LogPackFactory: Copied "../../../Samples/StarterContent/Content/StarterContent/Props/SM_WindowFrame.uasset" to "C:/Users/barto/Documents/grypowazne/MyProject3/Content/StarterContent/Props/SM_WindowFrame.uasset"
[2017.12.20-09.09.33:416][  0]LogPackFactory: Copied "../../../Samples/StarterContent/Content/StarterContent/Props/Materials/M_Bush.uasset" to "C:/Users/barto/Documents/grypowazne/MyProject3/Content/StarterContent/Props/Materials/M_Bush.uasset"
[2017.12.20-09.09.33:429][  0]LogPackFactory: Copied "../../../Samples/StarterContent/Content/StarterContent/Props/Materials/M_Chair.uasset" to "C:/Users/barto/Documents/grypowazne/MyProject3/Content/StarterContent/Props/Materials/M_Chair.uasset"
[2017.12.20-09.09.33:446][  0]LogPackFactory: Copied "../../../Samples/StarterContent/Content/StarterContent/Props/Materials/M_Door.uasset" to "C:/Users/barto/Documents/grypowazne/MyProject3/Content/StarterContent/Props/Materials/M_Door.uasset"
[2017.12.20-09.09.33:460][  0]LogPackFactory: Copied "../../../Samples/StarterContent/Content/StarterContent/Props/Materials/M_Frame.uasset" to "C:/Users/barto/Documents/grypowazne/MyProject3/Content/StarterContent/Props/Materials/M_Frame.uasset"
[2017.12.20-09.09.33:487][  0]LogPackFactory: Copied "../../../Samples/StarterContent/Content/StarterContent/Props/Materials/M_Lamp.uasset" to "C:/Users/barto/Documents/grypowazne/MyProject3/Content/StarterContent/Props/Materials/M_Lamp.uasset"
[2017.12.20-09.09.33:511][  0]LogPackFactory: Copied "../../../Samples/StarterContent/Content/StarterContent/Props/Materials/M_MaterialSphere.uasset" to "C:/Users/barto/Documents/grypowazne/MyProject3/Content/StarterContent/Props/Materials/M_MaterialSphere.uasset"
[2017.12.20-09.09.33:548][  0]LogPackFactory: Copied "../../../Samples/StarterContent/Content/StarterContent/Props/Materials/M_MaterialSphere_Plain.uasset" to "C:/Users/barto/Documents/grypowazne/MyProject3/Content/StarterContent/Props/Materials/M_MaterialSphere_Plain.uasset"
[2017.12.20-09.09.33:558][  0]LogPackFactory: Copied "../../../Samples/StarterContent/Content/StarterContent/Props/Materials/M_Rock.uasset" to "C:/Users/barto/Documents/grypowazne/MyProject3/Content/StarterContent/Props/Materials/M_Rock.uasset"
[2017.12.20-09.09.33:571][  0]LogPackFactory: Copied "../../../Samples/StarterContent/Content/StarterContent/Props/Materials/M_Shelf.uasset" to "C:/Users/barto/Documents/grypowazne/MyProject3/Content/StarterContent/Props/Materials/M_Shelf.uasset"
[2017.12.20-09.09.33:585][  0]LogPackFactory: Copied "../../../Samples/StarterContent/Content/StarterContent/Props/Materials/M_Statue.uasset" to "C:/Users/barto/Documents/grypowazne/MyProject3/Content/StarterContent/Props/Materials/M_Statue.uasset"
[2017.12.20-09.09.33:625][  0]LogPackFactory: Copied "../../../Samples/StarterContent/Content/StarterContent/Props/Materials/M_StatueGlass.uasset" to "C:/Users/barto/Documents/grypowazne/MyProject3/Content/StarterContent/Props/Materials/M_StatueGlass.uasset"
[2017.12.20-09.09.33:649][  0]LogPackFactory: Copied "../../../Samples/StarterContent/Content/StarterContent/Props/Materials/M_TableRound.uasset" to "C:/Users/barto/Documents/grypowazne/MyProject3/Content/StarterContent/Props/Materials/M_TableRound.uasset"
[2017.12.20-09.09.33:659][  0]LogPackFactory: Copied "../../../Samples/StarterContent/Content/StarterContent/Shapes/Shape_Cone.uasset" to "C:/Users/barto/Documents/grypowazne/MyProject3/Content/StarterContent/Shapes/Shape_Cone.uasset"
[2017.12.20-09.09.33:698][  0]LogPackFactory: Copied "../../../Samples/StarterContent/Content/StarterContent/Shapes/Shape_Cube.uasset" to "C:/Users/barto/Documents/grypowazne/MyProject3/Content/StarterContent/Shapes/Shape_Cube.uasset"
[2017.12.20-09.09.33:753][  0]LogPackFactory: Copied "../../../Samples/StarterContent/Content/StarterContent/Shapes/Shape_Cylinder.uasset" to "C:/Users/barto/Documents/grypowazne/MyProject3/Content/StarterContent/Shapes/Shape_Cylinder.uasset"
[2017.12.20-09.09.33:778][  0]LogPackFactory: Copied "../../../Samples/StarterContent/Content/StarterContent/Shapes/Shape_NarrowCapsule.uasset" to "C:/Users/barto/Documents/grypowazne/MyProject3/Content/StarterContent/Shapes/Shape_NarrowCapsule.uasset"
[2017.12.20-09.09.33:800][  0]LogPackFactory: Copied "../../../Samples/StarterContent/Content/StarterContent/Shapes/Shape_Pipe.uasset" to "C:/Users/barto/Documents/grypowazne/MyProject3/Content/StarterContent/Shapes/Shape_Pipe.uasset"
[2017.12.20-09.09.33:854][  0]LogPackFactory: Copied "../../../Samples/StarterContent/Content/StarterContent/Shapes/Shape_Pipe_180.uasset" to "C:/Users/barto/Documents/grypowazne/MyProject3/Content/StarterContent/Shapes/Shape_Pipe_180.uasset"
[2017.12.20-09.09.33:873][  0]LogPackFactory: Copied "../../../Samples/StarterContent/Content/StarterContent/Shapes/Shape_Pipe_90.uasset" to "C:/Users/barto/Documents/grypowazne/MyProject3/Content/StarterContent/Shapes/Shape_Pipe_90.uasset"
[2017.12.20-09.09.33:884][  0]LogPackFactory: Copied "../../../Samples/StarterContent/Content/StarterContent/Shapes/Shape_Plane.uasset" to "C:/Users/barto/Documents/grypowazne/MyProject3/Content/StarterContent/Shapes/Shape_Plane.uasset"
[2017.12.20-09.09.33:894][  0]LogPackFactory: Copied "../../../Samples/StarterContent/Content/StarterContent/Shapes/Shape_QuadPyramid.uasset" to "C:/Users/barto/Documents/grypowazne/MyProject3/Content/StarterContent/Shapes/Shape_QuadPyramid.uasset"
[2017.12.20-09.09.33:913][  0]LogPackFactory: Copied "../../../Samples/StarterContent/Content/StarterContent/Shapes/Shape_Sphere.uasset" to "C:/Users/barto/Documents/grypowazne/MyProject3/Content/StarterContent/Shapes/Shape_Sphere.uasset"
[2017.12.20-09.09.33:966][  0]LogPackFactory: Copied "../../../Samples/StarterContent/Content/StarterContent/Shapes/Shape_Torus.uasset" to "C:/Users/barto/Documents/grypowazne/MyProject3/Content/StarterContent/Shapes/Shape_Torus.uasset"
[2017.12.20-09.09.33:976][  0]LogPackFactory: Copied "../../../Samples/StarterContent/Content/StarterContent/Shapes/Shape_Trim.uasset" to "C:/Users/barto/Documents/grypowazne/MyProject3/Content/StarterContent/Shapes/Shape_Trim.uasset"
[2017.12.20-09.09.33:988][  0]LogPackFactory: Copied "../../../Samples/StarterContent/Content/StarterContent/Shapes/Shape_Trim_90_In.uasset" to "C:/Users/barto/Documents/grypowazne/MyProject3/Content/StarterContent/Shapes/Shape_Trim_90_In.uasset"
[2017.12.20-09.09.34:014][  0]LogPackFactory: Copied "../../../Samples/StarterContent/Content/StarterContent/Shapes/Shape_Trim_90_Out.uasset" to "C:/Users/barto/Documents/grypowazne/MyProject3/Content/StarterContent/Shapes/Shape_Trim_90_Out.uasset"
[2017.12.20-09.09.34:060][  0]LogPackFactory: Copied "../../../Samples/StarterContent/Content/StarterContent/Shapes/Shape_TriPyramid.uasset" to "C:/Users/barto/Documents/grypowazne/MyProject3/Content/StarterContent/Shapes/Shape_TriPyramid.uasset"
[2017.12.20-09.09.34:175][  0]LogPackFactory: Copied "../../../Samples/StarterContent/Content/StarterContent/Shapes/Shape_Tube.uasset" to "C:/Users/barto/Documents/grypowazne/MyProject3/Content/StarterContent/Shapes/Shape_Tube.uasset"
[2017.12.20-09.09.34:195][  0]LogPackFactory: Copied "../../../Samples/StarterContent/Content/StarterContent/Shapes/Shape_Wedge_A.uasset" to "C:/Users/barto/Documents/grypowazne/MyProject3/Content/StarterContent/Shapes/Shape_Wedge_A.uasset"
[2017.12.20-09.09.34:248][  0]LogPackFactory: Copied "../../../Samples/StarterContent/Content/StarterContent/Shapes/Shape_Wedge_B.uasset" to "C:/Users/barto/Documents/grypowazne/MyProject3/Content/StarterContent/Shapes/Shape_Wedge_B.uasset"
[2017.12.20-09.09.34:258][  0]LogPackFactory: Copied "../../../Samples/StarterContent/Content/StarterContent/Shapes/Shape_WideCapsule.uasset" to "C:/Users/barto/Documents/grypowazne/MyProject3/Content/StarterContent/Shapes/Shape_WideCapsule.uasset"
[2017.12.20-09.09.34:347][  0]LogPackFactory: Copied "../../../Samples/StarterContent/Content/StarterContent/Textures/T_Brick_Clay_Beveled_D.uasset" to "C:/Users/barto/Documents/grypowazne/MyProject3/Content/StarterContent/Textures/T_Brick_Clay_Beveled_D.uasset"
[2017.12.20-09.09.34:447][  0]LogPackFactory: Copied "../../../Samples/StarterContent/Content/StarterContent/Textures/T_Brick_Clay_Beveled_M.uasset" to "C:/Users/barto/Documents/grypowazne/MyProject3/Content/StarterContent/Textures/T_Brick_Clay_Beveled_M.uasset"
[2017.12.20-09.09.34:603][  0]LogPackFactory: Copied "../../../Samples/StarterContent/Content/StarterContent/Textures/T_Brick_Clay_Beveled_N.uasset" to "C:/Users/barto/Documents/grypowazne/MyProject3/Content/StarterContent/Textures/T_Brick_Clay_Beveled_N.uasset"
[2017.12.20-09.09.34:697][  0]LogPackFactory: Copied "../../../Samples/StarterContent/Content/StarterContent/Textures/T_Brick_Clay_New_D.uasset" to "C:/Users/barto/Documents/grypowazne/MyProject3/Content/StarterContent/Textures/T_Brick_Clay_New_D.uasset"
[2017.12.20-09.09.34:808][  0]LogPackFactory: Copied "../../../Samples/StarterContent/Content/StarterContent/Textures/T_Brick_Clay_New_M.uasset" to "C:/Users/barto/Documents/grypowazne/MyProject3/Content/StarterContent/Textures/T_Brick_Clay_New_M.uasset"
[2017.12.20-09.09.34:908][  0]LogPackFactory: Copied "../../../Samples/StarterContent/Content/StarterContent/Textures/T_Brick_Clay_New_N.uasset" to "C:/Users/barto/Documents/grypowazne/MyProject3/Content/StarterContent/Textures/T_Brick_Clay_New_N.uasset"
[2017.12.20-09.09.35:025][  0]LogPackFactory: Copied "../../../Samples/StarterContent/Content/StarterContent/Textures/T_Brick_Clay_Old_D.uasset" to "C:/Users/barto/Documents/grypowazne/MyProject3/Content/StarterContent/Textures/T_Brick_Clay_Old_D.uasset"
[2017.12.20-09.09.35:112][  0]LogPackFactory: Copied "../../../Samples/StarterContent/Content/StarterContent/Textures/T_Brick_Clay_Old_N.uasset" to "C:/Users/barto/Documents/grypowazne/MyProject3/Content/StarterContent/Textures/T_Brick_Clay_Old_N.uasset"
[2017.12.20-09.09.35:237][  0]LogPackFactory: Copied "../../../Samples/StarterContent/Content/StarterContent/Textures/T_Brick_Cut_Stone_D.uasset" to "C:/Users/barto/Documents/grypowazne/MyProject3/Content/StarterContent/Textures/T_Brick_Cut_Stone_D.uasset"
[2017.12.20-09.09.35:317][  0]LogPackFactory: Copied "../../../Samples/StarterContent/Content/StarterContent/Textures/T_Brick_Cut_Stone_N.uasset" to "C:/Users/barto/Documents/grypowazne/MyProject3/Content/StarterContent/Textures/T_Brick_Cut_Stone_N.uasset"
[2017.12.20-09.09.35:423][  0]LogPackFactory: Copied "../../../Samples/StarterContent/Content/StarterContent/Textures/T_Brick_Hewn_Stone_D.uasset" to "C:/Users/barto/Documents/grypowazne/MyProject3/Content/StarterContent/Textures/T_Brick_Hewn_Stone_D.uasset"
[2017.12.20-09.09.35:646][  0]LogPackFactory: Copied "../../../Samples/StarterContent/Content/StarterContent/Textures/T_Brick_Hewn_Stone_M.uasset" to "C:/Users/barto/Documents/grypowazne/MyProject3/Content/StarterContent/Textures/T_Brick_Hewn_Stone_M.uasset"
[2017.12.20-09.09.35:788][  0]LogPackFactory: Copied "../../../Samples/StarterContent/Content/StarterContent/Textures/T_Brick_Hewn_Stone_N.uasset" to "C:/Users/barto/Documents/grypowazne/MyProject3/Content/StarterContent/Textures/T_Brick_Hewn_Stone_N.uasset"
[2017.12.20-09.09.35:928][  0]LogPackFactory: Copied "../../../Samples/StarterContent/Content/StarterContent/Textures/T_Burst_M.uasset" to "C:/Users/barto/Documents/grypowazne/MyProject3/Content/StarterContent/Textures/T_Burst_M.uasset"
[2017.12.20-09.09.35:979][  0]LogPackFactory: Copied "../../../Samples/StarterContent/Content/StarterContent/Textures/T_Bush_D.uasset" to "C:/Users/barto/Documents/grypowazne/MyProject3/Content/StarterContent/Textures/T_Bush_D.uasset"
[2017.12.20-09.09.35:999][  0]LogPackFactory: Copied "../../../Samples/StarterContent/Content/StarterContent/Textures/T_Bush_N.uasset" to "C:/Users/barto/Documents/grypowazne/MyProject3/Content/StarterContent/Textures/T_Bush_N.uasset"
[2017.12.20-09.09.36:033][  0]LogPackFactory: Copied "../../../Samples/StarterContent/Content/StarterContent/Textures/T_Ceramic_Tile_M.uasset" to "C:/Users/barto/Documents/grypowazne/MyProject3/Content/StarterContent/Textures/T_Ceramic_Tile_M.uasset"
[2017.12.20-09.09.36:054][  0]LogPackFactory: Copied "../../../Samples/StarterContent/Content/StarterContent/Textures/T_Ceramic_Tile_N.uasset" to "C:/Users/barto/Documents/grypowazne/MyProject3/Content/StarterContent/Textures/T_Ceramic_Tile_N.uasset"
[2017.12.20-09.09.36:075][  0]LogPackFactory: Copied "../../../Samples/StarterContent/Content/StarterContent/Textures/T_Chair_M.uasset" to "C:/Users/barto/Documents/grypowazne/MyProject3/Content/StarterContent/Textures/T_Chair_M.uasset"
[2017.12.20-09.09.36:121][  0]LogPackFactory: Copied "../../../Samples/StarterContent/Content/StarterContent/Textures/T_Chair_N.uasset" to "C:/Users/barto/Documents/grypowazne/MyProject3/Content/StarterContent/Textures/T_Chair_N.uasset"
[2017.12.20-09.09.36:148][  0]LogPackFactory: Copied "../../../Samples/StarterContent/Content/StarterContent/Textures/T_Checker_Noise_M.uasset" to "C:/Users/barto/Documents/grypowazne/MyProject3/Content/StarterContent/Textures/T_Checker_Noise_M.uasset"
[2017.12.20-09.09.36:259][  0]LogPackFactory: Copied "../../../Samples/StarterContent/Content/StarterContent/Textures/T_CobbleStone_Pebble_D.uasset" to "C:/Users/barto/Documents/grypowazne/MyProject3/Content/StarterContent/Textures/T_CobbleStone_Pebble_D.uasset"
[2017.12.20-09.09.36:322][  0]LogPackFactory: Copied "../../../Samples/StarterContent/Content/StarterContent/Textures/T_CobbleStone_Pebble_M.uasset" to "C:/Users/barto/Documents/grypowazne/MyProject3/Content/StarterContent/Textures/T_CobbleStone_Pebble_M.uasset"
[2017.12.20-09.09.36:440][  0]LogPackFactory: Copied "../../../Samples/StarterContent/Content/StarterContent/Textures/T_CobbleStone_Pebble_N.uasset" to "C:/Users/barto/Documents/grypowazne/MyProject3/Content/StarterContent/Textures/T_CobbleStone_Pebble_N.uasset"
[2017.12.20-09.09.36:483][  0]LogPackFactory: Copied "../../../Samples/StarterContent/Content/StarterContent/Textures/T_CobbleStone_Rough_D.uasset" to "C:/Users/barto/Documents/grypowazne/MyProject3/Content/StarterContent/Textures/T_CobbleStone_Rough_D.uasset"
[2017.12.20-09.09.36:533][  0]LogPackFactory: Copied "../../../Samples/StarterContent/Content/StarterContent/Textures/T_CobbleStone_Rough_N.uasset" to "C:/Users/barto/Documents/grypowazne/MyProject3/Content/StarterContent/Textures/T_CobbleStone_Rough_N.uasset"
[2017.12.20-09.09.36:675][  0]LogPackFactory: Copied "../../../Samples/StarterContent/Content/StarterContent/Textures/T_CobbleStone_Smooth_D.uasset" to "C:/Users/barto/Documents/grypowazne/MyProject3/Content/StarterContent/Textures/T_CobbleStone_Smooth_D.uasset"
[2017.12.20-09.09.36:841][  0]LogPackFactory: Copied "../../../Samples/StarterContent/Content/StarterContent/Textures/T_CobbleStone_Smooth_M.uasset" to "C:/Users/barto/Documents/grypowazne/MyProject3/Content/StarterContent/Textures/T_CobbleStone_Smooth_M.uasset"
[2017.12.20-09.09.37:039][  0]LogPackFactory: Copied "../../../Samples/StarterContent/Content/StarterContent/Textures/T_CobbleStone_Smooth_N.uasset" to "C:/Users/barto/Documents/grypowazne/MyProject3/Content/StarterContent/Textures/T_CobbleStone_Smooth_N.uasset"
[2017.12.20-09.09.37:246][  0]LogPackFactory: Copied "../../../Samples/StarterContent/Content/StarterContent/Textures/T_Concrete_Grime_D.uasset" to "C:/Users/barto/Documents/grypowazne/MyProject3/Content/StarterContent/Textures/T_Concrete_Grime_D.uasset"
[2017.12.20-09.09.37:443][  0]LogPackFactory: Copied "../../../Samples/StarterContent/Content/StarterContent/Textures/T_Concrete_Panels_D.uasset" to "C:/Users/barto/Documents/grypowazne/MyProject3/Content/StarterContent/Textures/T_Concrete_Panels_D.uasset"
[2017.12.20-09.09.37:574][  0]LogPackFactory: Copied "../../../Samples/StarterContent/Content/StarterContent/Textures/T_Concrete_Panels_N.uasset" to "C:/Users/barto/Documents/grypowazne/MyProject3/Content/StarterContent/Textures/T_Concrete_Panels_N.uasset"
[2017.12.20-09.09.37:787][  0]LogPackFactory: Copied "../../../Samples/StarterContent/Content/StarterContent/Textures/T_Concrete_Poured_D.uasset" to "C:/Users/barto/Documents/grypowazne/MyProject3/Content/StarterContent/Textures/T_Concrete_Poured_D.uasset"
[2017.12.20-09.09.37:877][  0]LogPackFactory: Copied "../../../Samples/StarterContent/Content/StarterContent/Textures/T_Concrete_Poured_N.uasset" to "C:/Users/barto/Documents/grypowazne/MyProject3/Content/StarterContent/Textures/T_Concrete_Poured_N.uasset"
[2017.12.20-09.09.37:960][  0]LogPackFactory: Copied "../../../Samples/StarterContent/Content/StarterContent/Textures/T_Concrete_Tiles_D.uasset" to "C:/Users/barto/Documents/grypowazne/MyProject3/Content/StarterContent/Textures/T_Concrete_Tiles_D.uasset"
[2017.12.20-09.09.38:046][  0]LogPackFactory: Copied "../../../Samples/StarterContent/Content/StarterContent/Textures/T_Concrete_Tiles_M.uasset" to "C:/Users/barto/Documents/grypowazne/MyProject3/Content/StarterContent/Textures/T_Concrete_Tiles_M.uasset"
[2017.12.20-09.09.38:119][  0]LogPackFactory: Copied "../../../Samples/StarterContent/Content/StarterContent/Textures/T_Concrete_Tiles_N.uasset" to "C:/Users/barto/Documents/grypowazne/MyProject3/Content/StarterContent/Textures/T_Concrete_Tiles_N.uasset"
[2017.12.20-09.09.38:366][  0]LogPackFactory: Copied "../../../Samples/StarterContent/Content/StarterContent/Textures/T_Concrete_Tiles_Variation_M.uasset" to "C:/Users/barto/Documents/grypowazne/MyProject3/Content/StarterContent/Textures/T_Concrete_Tiles_Variation_M.uasset"
[2017.12.20-09.09.38:653][  0]LogPackFactory: Copied "../../../Samples/StarterContent/Content/StarterContent/Textures/T_Detail_Rocky_N.uasset" to "C:/Users/barto/Documents/grypowazne/MyProject3/Content/StarterContent/Textures/T_Detail_Rocky_N.uasset"
[2017.12.20-09.09.38:936][  0]LogPackFactory: Copied "../../../Samples/StarterContent/Content/StarterContent/Textures/T_Door_M.uasset" to "C:/Users/barto/Documents/grypowazne/MyProject3/Content/StarterContent/Textures/T_Door_M.uasset"
[2017.12.20-09.09.39:111][  0]LogPackFactory: Copied "../../../Samples/StarterContent/Content/StarterContent/Textures/T_Door_N.uasset" to "C:/Users/barto/Documents/grypowazne/MyProject3/Content/StarterContent/Textures/T_Door_N.uasset"
[2017.12.20-09.09.39:256][  0]LogPackFactory: Copied "../../../Samples/StarterContent/Content/StarterContent/Textures/T_Dust_Particle_D.uasset" to "C:/Users/barto/Documents/grypowazne/MyProject3/Content/StarterContent/Textures/T_Dust_Particle_D.uasset"
[2017.12.20-09.09.39:311][  0]LogPackFactory: Copied "../../../Samples/StarterContent/Content/StarterContent/Textures/T_Explosion_SubUV.uasset" to "C:/Users/barto/Documents/grypowazne/MyProject3/Content/StarterContent/Textures/T_Explosion_SubUV.uasset"
[2017.12.20-09.09.39:346][  0]LogPackFactory: Copied "../../../Samples/StarterContent/Content/StarterContent/Textures/T_Fire_SubUV.uasset" to "C:/Users/barto/Documents/grypowazne/MyProject3/Content/StarterContent/Textures/T_Fire_SubUV.uasset"
[2017.12.20-09.09.39:368][  0]LogPackFactory: Copied "../../../Samples/StarterContent/Content/StarterContent/Textures/T_Fire_Tiled_D.uasset" to "C:/Users/barto/Documents/grypowazne/MyProject3/Content/StarterContent/Textures/T_Fire_Tiled_D.uasset"
[2017.12.20-09.09.39:389][  0]LogPackFactory: Copied "../../../Samples/StarterContent/Content/StarterContent/Textures/T_Frame_M.uasset" to "C:/Users/barto/Documents/grypowazne/MyProject3/Content/StarterContent/Textures/T_Frame_M.uasset"
[2017.12.20-09.09.39:436][  0]LogPackFactory: Copied "../../../Samples/StarterContent/Content/StarterContent/Textures/T_Frame_N.uasset" to "C:/Users/barto/Documents/grypowazne/MyProject3/Content/StarterContent/Textures/T_Frame_N.uasset"
[2017.12.20-09.09.39:450][  0]LogPackFactory: Copied "../../../Samples/StarterContent/Content/StarterContent/Textures/T_Gradinet_01.uasset" to "C:/Users/barto/Documents/grypowazne/MyProject3/Content/StarterContent/Textures/T_Gradinet_01.uasset"
[2017.12.20-09.09.39:605][  0]LogPackFactory: Copied "../../../Samples/StarterContent/Content/StarterContent/Textures/T_Ground_Grass_D.uasset" to "C:/Users/barto/Documents/grypowazne/MyProject3/Content/StarterContent/Textures/T_Ground_Grass_D.uasset"
[2017.12.20-09.09.39:945][  0]LogPackFactory: Copied "../../../Samples/StarterContent/Content/StarterContent/Textures/T_Ground_Grass_N.uasset" to "C:/Users/barto/Documents/grypowazne/MyProject3/Content/StarterContent/Textures/T_Ground_Grass_N.uasset"
[2017.12.20-09.09.40:226][  0]LogPackFactory: Copied "../../../Samples/StarterContent/Content/StarterContent/Textures/T_Ground_Gravel_D.uasset" to "C:/Users/barto/Documents/grypowazne/MyProject3/Content/StarterContent/Textures/T_Ground_Gravel_D.uasset"
[2017.12.20-09.09.40:445][  0]LogPackFactory: Copied "../../../Samples/StarterContent/Content/StarterContent/Textures/T_Ground_Gravel_N.uasset" to "C:/Users/barto/Documents/grypowazne/MyProject3/Content/StarterContent/Textures/T_Ground_Gravel_N.uasset"
[2017.12.20-09.09.40:639][  0]LogPackFactory: Copied "../../../Samples/StarterContent/Content/StarterContent/Textures/T_ground_Moss_D.uasset" to "C:/Users/barto/Documents/grypowazne/MyProject3/Content/StarterContent/Textures/T_ground_Moss_D.uasset"
[2017.12.20-09.09.40:878][  0]LogPackFactory: Copied "../../../Samples/StarterContent/Content/StarterContent/Textures/T_Ground_Moss_N.uasset" to "C:/Users/barto/Documents/grypowazne/MyProject3/Content/StarterContent/Textures/T_Ground_Moss_N.uasset"
[2017.12.20-09.09.41:428][  0]LogPackFactory: Copied "../../../Samples/StarterContent/Content/StarterContent/Textures/T_Lamp_M.uasset" to "C:/Users/barto/Documents/grypowazne/MyProject3/Content/StarterContent/Textures/T_Lamp_M.uasset"
[2017.12.20-09.09.41:563][  0]LogPackFactory: Copied "../../../Samples/StarterContent/Content/StarterContent/Textures/T_Lamp_N.uasset" to "C:/Users/barto/Documents/grypowazne/MyProject3/Content/StarterContent/Textures/T_Lamp_N.uasset"
[2017.12.20-09.09.41:792][  0]LogPackFactory: Copied "../../../Samples/StarterContent/Content/StarterContent/Textures/T_MacroVariation.uasset" to "C:/Users/barto/Documents/grypowazne/MyProject3/Content/StarterContent/Textures/T_MacroVariation.uasset"
[2017.12.20-09.09.42:015][  0]LogPackFactory: Copied "../../../Samples/StarterContent/Content/StarterContent/Textures/T_Metal_Aluminum_D.uasset" to "C:/Users/barto/Documents/grypowazne/MyProject3/Content/StarterContent/Textures/T_Metal_Aluminum_D.uasset"
[2017.12.20-09.09.42:193][  0]LogPackFactory: Copied "../../../Samples/StarterContent/Content/StarterContent/Textures/T_Metal_Copper_D.uasset" to "C:/Users/barto/Documents/grypowazne/MyProject3/Content/StarterContent/Textures/T_Metal_Copper_D.uasset"
[2017.12.20-09.09.42:301][  0]LogPackFactory: Copied "../../../Samples/StarterContent/Content/StarterContent/Textures/T_Metal_Gold_D.uasset" to "C:/Users/barto/Documents/grypowazne/MyProject3/Content/StarterContent/Textures/T_Metal_Gold_D.uasset"
[2017.12.20-09.09.42:459][  0]LogPackFactory: Copied "../../../Samples/StarterContent/Content/StarterContent/Textures/T_Metal_Gold_N.uasset" to "C:/Users/barto/Documents/grypowazne/MyProject3/Content/StarterContent/Textures/T_Metal_Gold_N.uasset"
[2017.12.20-09.09.42:683][  0]LogPackFactory: Copied "../../../Samples/StarterContent/Content/StarterContent/Textures/T_Metal_Rust_D.uasset" to "C:/Users/barto/Documents/grypowazne/MyProject3/Content/StarterContent/Textures/T_Metal_Rust_D.uasset"
[2017.12.20-09.09.42:998][  0]LogPackFactory: Copied "../../../Samples/StarterContent/Content/StarterContent/Textures/T_Metal_Rust_N.uasset" to "C:/Users/barto/Documents/grypowazne/MyProject3/Content/StarterContent/Textures/T_Metal_Rust_N.uasset"
[2017.12.20-09.09.43:151][  0]LogPackFactory: Copied "../../../Samples/StarterContent/Content/StarterContent/Textures/T_Metal_Steel_D.uasset" to "C:/Users/barto/Documents/grypowazne/MyProject3/Content/StarterContent/Textures/T_Metal_Steel_D.uasset"
[2017.12.20-09.09.43:504][  0]LogPackFactory: Copied "../../../Samples/StarterContent/Content/StarterContent/Textures/T_Metal_Steel_N.uasset" to "C:/Users/barto/Documents/grypowazne/MyProject3/Content/StarterContent/Textures/T_Metal_Steel_N.uasset"
[2017.12.20-09.09.43:613][  0]LogPackFactory: Copied "../../../Samples/StarterContent/Content/StarterContent/Textures/T_Perlin_Noise_M.uasset" to "C:/Users/barto/Documents/grypowazne/MyProject3/Content/StarterContent/Textures/T_Perlin_Noise_M.uasset"
[2017.12.20-09.09.43:884][  0]LogPackFactory: Copied "../../../Samples/StarterContent/Content/StarterContent/Textures/T_RockMesh_M.uasset" to "C:/Users/barto/Documents/grypowazne/MyProject3/Content/StarterContent/Textures/T_RockMesh_M.uasset"
[2017.12.20-09.09.44:072][  0]LogPackFactory: Copied "../../../Samples/StarterContent/Content/StarterContent/Textures/T_RockMesh_N.uasset" to "C:/Users/barto/Documents/grypowazne/MyProject3/Content/StarterContent/Textures/T_RockMesh_N.uasset"
[2017.12.20-09.09.44:292][  0]LogPackFactory: Copied "../../../Samples/StarterContent/Content/StarterContent/Textures/T_Rock_Basalt_D.uasset" to "C:/Users/barto/Documents/grypowazne/MyProject3/Content/StarterContent/Textures/T_Rock_Basalt_D.uasset"
[2017.12.20-09.09.44:474][  0]LogPackFactory: Copied "../../../Samples/StarterContent/Content/StarterContent/Textures/T_Rock_Basalt_N.uasset" to "C:/Users/barto/Documents/grypowazne/MyProject3/Content/StarterContent/Textures/T_Rock_Basalt_N.uasset"
[2017.12.20-09.09.44:662][  0]LogPackFactory: Copied "../../../Samples/StarterContent/Content/StarterContent/Textures/T_Rock_Marble_Polished_D.uasset" to "C:/Users/barto/Documents/grypowazne/MyProject3/Content/StarterContent/Textures/T_Rock_Marble_Polished_D.uasset"
[2017.12.20-09.09.44:799][  0]LogPackFactory: Copied "../../../Samples/StarterContent/Content/StarterContent/Textures/T_Rock_Sandstone_D.uasset" to "C:/Users/barto/Documents/grypowazne/MyProject3/Content/StarterContent/Textures/T_Rock_Sandstone_D.uasset"
[2017.12.20-09.09.44:906][  0]LogPackFactory: Copied "../../../Samples/StarterContent/Content/StarterContent/Textures/T_Rock_Sandstone_N.uasset" to "C:/Users/barto/Documents/grypowazne/MyProject3/Content/StarterContent/Textures/T_Rock_Sandstone_N.uasset"
[2017.12.20-09.09.45:039][  0]LogPackFactory: Copied "../../../Samples/StarterContent/Content/StarterContent/Textures/T_Rock_Slate_D.uasset" to "C:/Users/barto/Documents/grypowazne/MyProject3/Content/StarterContent/Textures/T_Rock_Slate_D.uasset"
[2017.12.20-09.09.45:306][  0]LogPackFactory: Copied "../../../Samples/StarterContent/Content/StarterContent/Textures/T_Rock_Slate_N.uasset" to "C:/Users/barto/Documents/grypowazne/MyProject3/Content/StarterContent/Textures/T_Rock_Slate_N.uasset"
[2017.12.20-09.09.45:583][  0]LogPackFactory: Copied "../../../Samples/StarterContent/Content/StarterContent/Textures/T_Rock_Smooth_Granite_D.uasset" to "C:/Users/barto/Documents/grypowazne/MyProject3/Content/StarterContent/Textures/T_Rock_Smooth_Granite_D.uasset"
[2017.12.20-09.09.45:742][  0]LogPackFactory: Copied "../../../Samples/StarterContent/Content/StarterContent/Textures/T_Shelf_M.uasset" to "C:/Users/barto/Documents/grypowazne/MyProject3/Content/StarterContent/Textures/T_Shelf_M.uasset"
[2017.12.20-09.09.45:951][  0]LogPackFactory: Copied "../../../Samples/StarterContent/Content/StarterContent/Textures/T_Shelf_N.uasset" to "C:/Users/barto/Documents/grypowazne/MyProject3/Content/StarterContent/Textures/T_Shelf_N.uasset"
[2017.12.20-09.09.46:185][  0]LogPackFactory: Copied "../../../Samples/StarterContent/Content/StarterContent/Textures/T_Single_Tile_N.uasset" to "C:/Users/barto/Documents/grypowazne/MyProject3/Content/StarterContent/Textures/T_Single_Tile_N.uasset"
[2017.12.20-09.09.46:233][  0]LogPackFactory: Copied "../../../Samples/StarterContent/Content/StarterContent/Textures/T_Smoke_SubUV.uasset" to "C:/Users/barto/Documents/grypowazne/MyProject3/Content/StarterContent/Textures/T_Smoke_SubUV.uasset"
[2017.12.20-09.09.46:251][  0]LogPackFactory: Copied "../../../Samples/StarterContent/Content/StarterContent/Textures/T_Smoke_Tiled_D.uasset" to "C:/Users/barto/Documents/grypowazne/MyProject3/Content/StarterContent/Textures/T_Smoke_Tiled_D.uasset"
[2017.12.20-09.09.46:271][  0]LogPackFactory: Copied "../../../Samples/StarterContent/Content/StarterContent/Textures/T_Spark_Core.uasset" to "C:/Users/barto/Documents/grypowazne/MyProject3/Content/StarterContent/Textures/T_Spark_Core.uasset"
[2017.12.20-09.09.46:320][  0]LogPackFactory: Copied "../../../Samples/StarterContent/Content/StarterContent/Textures/T_Statue_M.uasset" to "C:/Users/barto/Documents/grypowazne/MyProject3/Content/StarterContent/Textures/T_Statue_M.uasset"
[2017.12.20-09.09.46:854][  0]LogPackFactory: Copied "../../../Samples/StarterContent/Content/StarterContent/Textures/T_Statue_N.uasset" to "C:/Users/barto/Documents/grypowazne/MyProject3/Content/StarterContent/Textures/T_Statue_N.uasset"
[2017.12.20-09.09.47:047][  0]LogPackFactory: Copied "../../../Samples/StarterContent/Content/StarterContent/Textures/T_TableRound_M.uasset" to "C:/Users/barto/Documents/grypowazne/MyProject3/Content/StarterContent/Textures/T_TableRound_M.uasset"
[2017.12.20-09.09.47:205][  0]LogPackFactory: Copied "../../../Samples/StarterContent/Content/StarterContent/Textures/T_TableRound_N.uasset" to "C:/Users/barto/Documents/grypowazne/MyProject3/Content/StarterContent/Textures/T_TableRound_N.uasset"
[2017.12.20-09.09.47:254][  0]LogPackFactory: Copied "../../../Samples/StarterContent/Content/StarterContent/Textures/T_Tech_Dot_M.uasset" to "C:/Users/barto/Documents/grypowazne/MyProject3/Content/StarterContent/Textures/T_Tech_Dot_M.uasset"
[2017.12.20-09.09.47:288][  0]LogPackFactory: Copied "../../../Samples/StarterContent/Content/StarterContent/Textures/T_Tech_Dot_N.uasset" to "C:/Users/barto/Documents/grypowazne/MyProject3/Content/StarterContent/Textures/T_Tech_Dot_N.uasset"
[2017.12.20-09.09.47:315][  0]LogPackFactory: Copied "../../../Samples/StarterContent/Content/StarterContent/Textures/T_Tech_Hex_Tile_M.uasset" to "C:/Users/barto/Documents/grypowazne/MyProject3/Content/StarterContent/Textures/T_Tech_Hex_Tile_M.uasset"
[2017.12.20-09.09.47:358][  0]LogPackFactory: Copied "../../../Samples/StarterContent/Content/StarterContent/Textures/T_Tech_Hex_Tile_N.uasset" to "C:/Users/barto/Documents/grypowazne/MyProject3/Content/StarterContent/Textures/T_Tech_Hex_Tile_N.uasset"
[2017.12.20-09.09.47:400][  0]LogPackFactory: Copied "../../../Samples/StarterContent/Content/StarterContent/Textures/T_Tech_Panel_M.uasset" to "C:/Users/barto/Documents/grypowazne/MyProject3/Content/StarterContent/Textures/T_Tech_Panel_M.uasset"
[2017.12.20-09.09.47:439][  0]LogPackFactory: Copied "../../../Samples/StarterContent/Content/StarterContent/Textures/T_Tech_Panel_N.uasset" to "C:/Users/barto/Documents/grypowazne/MyProject3/Content/StarterContent/Textures/T_Tech_Panel_N.uasset"
[2017.12.20-09.09.47:473][  0]LogPackFactory: Copied "../../../Samples/StarterContent/Content/StarterContent/Textures/T_Water_M.uasset" to "C:/Users/barto/Documents/grypowazne/MyProject3/Content/StarterContent/Textures/T_Water_M.uasset"
[2017.12.20-09.09.47:514][  0]LogPackFactory: Copied "../../../Samples/StarterContent/Content/StarterContent/Textures/T_Water_N.uasset" to "C:/Users/barto/Documents/grypowazne/MyProject3/Content/StarterContent/Textures/T_Water_N.uasset"
[2017.12.20-09.09.47:586][  0]LogPackFactory: Copied "../../../Samples/StarterContent/Content/StarterContent/Textures/T_Wood_Floor_Walnut_D.uasset" to "C:/Users/barto/Documents/grypowazne/MyProject3/Content/StarterContent/Textures/T_Wood_Floor_Walnut_D.uasset"
[2017.12.20-09.09.47:642][  0]LogPackFactory: Copied "../../../Samples/StarterContent/Content/StarterContent/Textures/T_Wood_Floor_Walnut_M.uasset" to "C:/Users/barto/Documents/grypowazne/MyProject3/Content/StarterContent/Textures/T_Wood_Floor_Walnut_M.uasset"
[2017.12.20-09.09.47:845][  0]LogPackFactory: Copied "../../../Samples/StarterContent/Content/StarterContent/Textures/T_Wood_Floor_Walnut_N.uasset" to "C:/Users/barto/Documents/grypowazne/MyProject3/Content/StarterContent/Textures/T_Wood_Floor_Walnut_N.uasset"
[2017.12.20-09.09.48:023][  0]LogPackFactory: Copied "../../../Samples/StarterContent/Content/StarterContent/Textures/T_Wood_Oak_D.uasset" to "C:/Users/barto/Documents/grypowazne/MyProject3/Content/StarterContent/Textures/T_Wood_Oak_D.uasset"
[2017.12.20-09.09.48:397][  0]LogPackFactory: Copied "../../../Samples/StarterContent/Content/StarterContent/Textures/T_Wood_Oak_N.uasset" to "C:/Users/barto/Documents/grypowazne/MyProject3/Content/StarterContent/Textures/T_Wood_Oak_N.uasset"
[2017.12.20-09.09.48:527][  0]LogPackFactory: Copied "../../../Samples/StarterContent/Content/StarterContent/Textures/T_Wood_Pine_D.uasset" to "C:/Users/barto/Documents/grypowazne/MyProject3/Content/StarterContent/Textures/T_Wood_Pine_D.uasset"
[2017.12.20-09.09.48:802][  0]LogPackFactory: Copied "../../../Samples/StarterContent/Content/StarterContent/Textures/T_Wood_Pine_N.uasset" to "C:/Users/barto/Documents/grypowazne/MyProject3/Content/StarterContent/Textures/T_Wood_Pine_N.uasset"
[2017.12.20-09.09.48:874][  0]LogPackFactory: Copied "../../../Samples/StarterContent/Content/StarterContent/Textures/T_Wood_Walnut_D.uasset" to "C:/Users/barto/Documents/grypowazne/MyProject3/Content/StarterContent/Textures/T_Wood_Walnut_D.uasset"
[2017.12.20-09.09.48:952][  0]LogPackFactory: Copied "../../../Samples/StarterContent/Content/StarterContent/Textures/T_Wood_Walnut_N.uasset" to "C:/Users/barto/Documents/grypowazne/MyProject3/Content/StarterContent/Textures/T_Wood_Walnut_N.uasset"
[2017.12.20-09.09.51:234][  0]LogRenderer: Reallocating scene render targets to support 256x256 Format 10 NumSamples 1 (Frame:1).
[2017.12.20-09.09.52:540][  0]Cmd: OBJ SAVEPACKAGE PACKAGE="/Game/StarterContent/Architecture/Floor_400x400" FILE="C:/Users/barto/Documents/grypowazne/MyProject3/Content/StarterContent/Architecture/Floor_400x400.uasset" SILENT=true
[2017.12.20-09.09.52:767][  0]LogSavePackage: Save=187.40ms
[2017.12.20-09.09.52:767][  0]LogSavePackage: Moving 'C:/Users/barto/Documents/grypowazne/MyProject3/Saved/Floor_400x400BD0323F544AF754E1798AE99C66E7FDA.tmp' to 'C:/Users/barto/Documents/grypowazne/MyProject3/Content/StarterContent/Architecture/Floor_400x400.uasset'
[2017.12.20-09.09.52:775][  0]LogSavePackage: Display: Finished SavePackage C:/Users/barto/Documents/grypowazne/MyProject3/Content/StarterContent/Architecture/Floor_400x400.uasset
[2017.12.20-09.09.52:776][  0]LogFeaturePack: Warning: Inserted 1 feature packs
[2017.12.20-09.09.52:786][  0]Cmd: MAP LOAD FILE="C:/Users/barto/Documents/grypowazne/MyProject3/Content/StarterContent/Maps/Minimal_Default.umap" TEMPLATE=0 SHOWPROGRESS=1 FEATURELEVEL=3
[2017.12.20-09.09.52:788][  0]LightingResults: New page: Lighting Build
[2017.12.20-09.09.52:872][  0]MapCheck: New page: Map Check
[2017.12.20-09.09.52:872][  0]LightingResults: New page: Lighting Build
[2017.12.20-09.09.53:892][  0]LogAIModule: Creating AISystem for world Minimal_Default
[2017.12.20-09.09.54:036][  0]LogEditorServer: Finished looking for orphan Actors (0.000 secs)
[2017.12.20-09.09.54:094][  0]Cmd: MAP CHECKDEP NOCLEARLOG
[2017.12.20-09.09.54:132][  0]MapCheck: Map check complete: 0 Error(s), 0 Warning(s), took 38.867ms to complete.
[2017.12.20-09.09.54:133][  0]LogFileHelpers: Loading map 'Minimal_Default' took 1.346
[2017.12.20-09.09.55:662][  0]LogCollectionManager: Loaded 0 collections in 0.001396 seconds
[2017.12.20-09.09.55:818][  0]LogFileCache: Scanning file cache for directory 'C:/Users/barto/Documents/grypowazne/MyProject3/Saved/Collections/' took 0.01s
[2017.12.20-09.09.55:818][  0]LogFileCache: Scanning file cache for directory 'C:/Users/barto/Documents/grypowazne/MyProject3/Content/Developers/barto/Collections/' took 0.01s
[2017.12.20-09.09.55:818][  0]LogFileCache: Scanning file cache for directory 'C:/Users/barto/Documents/grypowazne/MyProject3/Content/Collections/' took 0.01s
[2017.12.20-09.09.55:818][  0]LogCollectionManager: Rebuilt the GUID cache for 0 collections in 0.000001 seconds
[2017.12.20-09.09.55:836][  0]LogContentBrowser: Native class hierarchy populated in 0.0105 seconds. Added 2386 classes and 500 folders.
[2017.12.20-09.09.56:132][  0]LogContentBrowser: Native class hierarchy updated for 'WidgetCarousel' in 0.0009 seconds. Added 0 classes and 0 folders.
[2017.12.20-09.09.57:494][  0]LogContentBrowser: Native class hierarchy updated for 'AddContentDialog' in 0.0007 seconds. Added 0 classes and 0 folders.
[2017.12.20-09.09.57:626][  0]LogContentBrowser: Native class hierarchy updated for 'SceneOutliner' in 0.0011 seconds. Added 1 classes and 2 folders.
[2017.12.20-09.09.58:122][  0]LogSlate: Took 0.018487 seconds to synchronously load lazily loaded font '../../../Engine/Content/Slate/Fonts/Roboto-Regular.ttf' (155K)
[2017.12.20-09.09.58:147][  0]LogSlate: Took 0.012759 seconds to synchronously load lazily loaded font '../../../Engine/Content/Slate/Fonts/Roboto-Bold.ttf' (160K)
[2017.12.20-09.09.58:280][  0]LogSlate: Took 0.014557 seconds to synchronously load lazily loaded font '../../../Engine/Content/Editor/Slate/Fonts/FontAwesome.ttf' (139K)
[2017.12.20-09.09.58:874][  0]LogRenderer: Reallocating scene render targets to support 1208x576 Format 10 NumSamples 1 (Frame:1).
[2017.12.20-09.09.59:170][  0]LogSlate: Took 0.015471 seconds to synchronously load lazily loaded font '../../../Engine/Content/Slate/Fonts/Roboto-Light.ttf' (159K)
[2017.12.20-09.09.59:434][  0]LogContentBrowser: Native class hierarchy updated for 'HierarchicalLODOutliner' in 0.0013 seconds. Added 1 classes and 2 folders.
[2017.12.20-09.09.59:435][  0]LogLoad: (Engine Initialization) Total time: 50.74 seconds
[2017.12.20-09.09.59:435][  0]LogLoad: (Engine Initialization) Total Blueprint compile time: 0.00 seconds
[2017.12.20-09.09.59:435][  0]LogExternalProfiler: No external profilers were discovered.  External profiling features will not be available.
[2017.12.20-09.09.59:508][  0]LogWindowsTextInputMethodSystem: Display: IME system now deactivated.
[2017.12.20-09.09.59:597][  0]LogContentStreaming: Texture pool size now 1000 MB
[2017.12.20-09.10.00:042][  2]LogAssetRegistry: Asset discovery search completed in 45.2157 seconds
[2017.12.20-09.10.00:051][  2]LogCollectionManager: Rebuilt the object cache for 0 collections in 0.000001 seconds (found 0 objects)
[2017.12.20-09.10.00:051][  2]LogCollectionManager: Fixed up redirectors for 0 collections in 0.000213 seconds (updated 0 objects)
